This file contains any messages produced by compilers while
running configure, to aid debugging if configure makes a mistake.

It was created by configure, which was
generated by GNU Autoconf 2.61.  Invocation command line was

  $ ./configure --disable-digest --disable-opie --disable-ntlm --disable-debug --disable-largefile --disable-ipv6 --disable-nls --without-ssl --host=arm-linux-androideabi

## --------- ##
## Platform. ##
## --------- ##

hostname = wonfee-ThinkPad-T540p
uname -m = x86_64
uname -r = 3.16.7-ckt5my-very-own-kernel
uname -s = Linux
uname -v = #1 SMP Fri Feb 27 23:04:29 CST 2015

/usr/bin/uname -p = unknown
/bin/uname -X     = unknown

/bin/arch              = unknown
/usr/bin/arch -k       = unknown
/usr/convex/getsysinfo = unknown
/usr/bin/hostinfo      = unknown
/bin/machine           = unknown
/usr/bin/oslevel       = unknown
/bin/universe          = unknown

PATH: /home/wonfee/xhunter/wget/wget-1.11.4/ndk-standalone-9/bin
PATH: /usr/local/heroku/bin
PATH: /home/wonfee/environment/cross-tools/android-ndk-r8c
PATH: /home/wonfee/environment/cross-tools/android-ndk-r8c/toolchains/arm-linux-androideabi-4.4.3/prebuilt/linux-x86/bin
PATH: /home/wonfee/environment/cross-tools/jdk1.6.0_30/bin
PATH: /home/wonfee/environment/cross-tools/jdk1.6.0_30/jre/bin
PATH: /home/wonfee/bin
PATH: /usr/local/sbin
PATH: /usr/local/bin
PATH: /usr/sbin
PATH: /usr/bin
PATH: /sbin
PATH: /bin
PATH: /usr/games
PATH: /usr/local/games
PATH: /home/wonfee/environment/cross-tools/android-sdk-linux_86/tools
PATH: /home/wonfee/environment/cross-tools/android-sdk-linux_86/platform-tools
PATH: /home/wonfee/environment/cross-tools/android-sdk-linux_86/build-tools/17.0.0
PATH: /home/wonfee/bin/repo-tools
PATH: /opt/bin
PATH: /opt/bin/signapk
PATH: /opt/bin/jad-1.5
PATH: /opt/FriendlyARM/toolschain/4.4.3/bin
PATH: /opt/bin/mkbootimg_tools
PATH: /opt/bin/dex2jar-0.0.9.15
PATH: /opt/bin/jd-gui-0.3.5
PATH: /opt/bin/bxviewer
PATH: /opt/bin/APK-Multi-Tool-Linux


## ----------- ##
## Core tests. ##
## ----------- ##

configure:1829: configuring for GNU Wget 1.11.4
configure:1872: checking build system type
configure:1890: result: x86_64-pc-linux-gnu
configure:1912: checking host system type
configure:1927: result: arm-unknown-linux-androideabi
configure:2021: checking whether make sets $(MAKE)
configure:2042: result: yes
configure:2065: checking for a BSD-compatible install
configure:2121: result: /usr/bin/install -c
configure:2145: checking for arm-linux-androideabi-gcc
configure:2161: found /home/wonfee/xhunter/wget/wget-1.11.4/ndk-standalone-9/bin/arm-linux-androideabi-gcc
configure:2172: result: arm-linux-androideabi-gcc
configure:2450: checking for C compiler version
configure:2457: arm-linux-androideabi-gcc --version >&5
arm-linux-androideabi-gcc (GCC) 4.6 20120106 (prerelease)
Copyright (C) 2011 Free Software Foundation, Inc.
This is free software; see the source for copying conditions.  There is NO
warranty; not even for MERCHANTABILITY or FITNESS FOR A PARTICULAR PURPOSE.

configure:2460: $? = 0
configure:2467: arm-linux-androideabi-gcc -v >&5
Using built-in specs.
COLLECT_GCC=arm-linux-androideabi-gcc
COLLECT_LTO_WRAPPER=/home/wonfee/xhunter/wget/wget-1.11.4/ndk-standalone-9/bin/../libexec/gcc/arm-linux-androideabi/4.6/lto-wrapper
Target: arm-linux-androideabi
Configured with: /usr/local/google/home/andrewhsieh/ndk-andrewhsieh/src/build/../gcc/gcc-4.6/configure --prefix=/tmp/ndk-andrewhsieh/build/toolchain/prefix --target=arm-linux-androideabi --host=x86_64-linux-gnu --build=x86_64-linux-gnu --with-gnu-as --with-gnu-ld --enable-languages=c,c++ --with-gmp=/tmp/ndk-andrewhsieh/build/toolchain/temp-install --with-mpfr=/tmp/ndk-andrewhsieh/build/toolchain/temp-install --with-mpc=/tmp/ndk-andrewhsieh/build/toolchain/temp-install --without-ppl --without-cloog --disable-libssp --enable-threads --disable-nls --disable-libmudflap --disable-libgomp --disable-libstdc__-v3 --disable-sjlj-exceptions --disable-shared --disable-tls --disable-libitm --with-float=soft --with-fpu=vfp --with-arch=armv5te --enable-target-optspace --enable-initfini-array --disable-nls --prefix=/tmp/ndk-andrewhsieh/build/toolchain/prefix --with-sysroot=/tmp/ndk-andrewhsieh/build/toolchain/prefix/sysroot --with-binutils-version=2.21 --with-mpfr-version=2.4.1 --with-mpc-version=0.8.1 --with-gmp-version=5.0.5 --with-gcc-version=4.6 --with-gdb-version=7.3.x --with-gxx-include-dir=/tmp/ndk-andrewhsieh/build/toolchain/prefix/include/c++/4.6 --disable-bootstrap --disable-libquadmath --disable-plugin --enable-gold --with-arch=armv5te --program-transform-name='s&^&arm-linux-androideabi-&' --enable-gold=default
Thread model: posix
gcc version 4.6 20120106 (prerelease) (GCC) 
configure:2470: $? = 0
configure:2477: arm-linux-androideabi-gcc -V >&5
arm-linux-androideabi-gcc: error: unrecognized option '-V'
arm-linux-androideabi-gcc: fatal error: no input files
compilation terminated.
configure:2480: $? = 1
configure:2503: checking for C compiler default output file name
configure:2530: arm-linux-androideabi-gcc    conftest.c  >&5
configure:2533: $? = 0
configure:2571: result: a.out
configure:2588: checking whether the C compiler works
configure:2598: ./a.out
/system/bin/linker: No such file or directory
configure:2601: $? = 255
configure:2618: result: yes
configure:2625: checking whether we are cross compiling
configure:2627: result: yes
configure:2630: checking for suffix of executables
configure:2637: arm-linux-androideabi-gcc -o conftest    conftest.c  >&5
configure:2640: $? = 0
configure:2664: result: 
configure:2670: checking for suffix of object files
configure:2696: arm-linux-androideabi-gcc -c   conftest.c >&5
configure:2699: $? = 0
configure:2722: result: o
configure:2726: checking whether we are using the GNU C compiler
configure:2755: arm-linux-androideabi-gcc -c   conftest.c >&5
configure:2761: $? = 0
configure:2778: result: yes
configure:2783: checking whether arm-linux-androideabi-gcc accepts -g
configure:2813: arm-linux-androideabi-gcc -c -g  conftest.c >&5
configure:2819: $? = 0
configure:2918: result: yes
configure:2935: checking for arm-linux-androideabi-gcc option to accept ISO C89
configure:3009: arm-linux-androideabi-gcc  -c   conftest.c >&5
configure:3015: $? = 0
configure:3038: result: none needed
configure:3062: checking how to run the C preprocessor
configure:3102: arm-linux-androideabi-gcc -E  conftest.c
configure:3108: $? = 0
configure:3139: arm-linux-androideabi-gcc -E  conftest.c
conftest.c:9:28: fatal error: ac_nonexistent.h: No such file or directory
compilation terminated.
configure:3145: $? = 1
configure: failed program was:
| /* confdefs.h.  */
| #define PACKAGE_NAME ""
| #define PACKAGE_TARNAME ""
| #define PACKAGE_VERSION ""
| #define PACKAGE_STRING ""
| #define PACKAGE_BUGREPORT ""
| #define OS_TYPE "linux-androideabi"
| /* end confdefs.h.  */
| #include <ac_nonexistent.h>
configure:3178: result: arm-linux-androideabi-gcc -E
configure:3207: arm-linux-androideabi-gcc -E  conftest.c
configure:3213: $? = 0
configure:3244: arm-linux-androideabi-gcc -E  conftest.c
conftest.c:9:28: fatal error: ac_nonexistent.h: No such file or directory
compilation terminated.
configure:3250: $? = 1
configure: failed program was:
| /* confdefs.h.  */
| #define PACKAGE_NAME ""
| #define PACKAGE_TARNAME ""
| #define PACKAGE_VERSION ""
| #define PACKAGE_STRING ""
| #define PACKAGE_BUGREPORT ""
| #define OS_TYPE "linux-androideabi"
| /* end confdefs.h.  */
| #include <ac_nonexistent.h>
configure:3288: checking for grep that handles long lines and -e
configure:3362: result: /bin/grep
configure:3367: checking for egrep
configure:3445: result: /bin/grep -E
configure:3451: checking for AIX
configure:3473: result: no
configure:3492: checking for an ANSI C-conforming const
configure:3567: arm-linux-androideabi-gcc -c  -O2 -Wall  conftest.c >&5
conftest.c: In function 'main':
conftest.c:38:10: warning: 't' is used uninitialized in this function [-Wuninitialized]
configure:3573: $? = 0
configure:3588: result: yes
configure:3598: checking for inline
configure:3624: arm-linux-androideabi-gcc -c  -O2 -Wall  conftest.c >&5
configure:3630: $? = 0
configure:3648: result: inline
configure:3667: checking for working volatile
configure:3696: arm-linux-androideabi-gcc -c  -O2 -Wall  conftest.c >&5
configure:3702: $? = 0
configure:3717: result: yes
configure:3728: checking for ANSI C header files
configure:3758: arm-linux-androideabi-gcc -c  -O2 -Wall  conftest.c >&5
configure:3764: $? = 0
configure:3892: result: yes
configure:4267: checking for sys/types.h
configure:4288: arm-linux-androideabi-gcc -c  -O2 -Wall  conftest.c >&5
configure:4294: $? = 0
configure:4310: result: yes
configure:4267: checking for sys/stat.h
configure:4288: arm-linux-androideabi-gcc -c  -O2 -Wall  conftest.c >&5
configure:4294: $? = 0
configure:4310: result: yes
configure:4267: checking for stdlib.h
configure:4288: arm-linux-androideabi-gcc -c  -O2 -Wall  conftest.c >&5
configure:4294: $? = 0
configure:4310: result: yes
configure:4267: checking for string.h
configure:4288: arm-linux-androideabi-gcc -c  -O2 -Wall  conftest.c >&5
configure:4294: $? = 0
configure:4310: result: yes
configure:4267: checking for memory.h
configure:4288: arm-linux-androideabi-gcc -c  -O2 -Wall  conftest.c >&5
configure:4294: $? = 0
configure:4310: result: yes
configure:4267: checking for strings.h
configure:4288: arm-linux-androideabi-gcc -c  -O2 -Wall  conftest.c >&5
configure:4294: $? = 0
configure:4310: result: yes
configure:4267: checking for inttypes.h
configure:4288: arm-linux-androideabi-gcc -c  -O2 -Wall  conftest.c >&5
configure:4294: $? = 0
configure:4310: result: yes
configure:4267: checking for stdint.h
configure:4288: arm-linux-androideabi-gcc -c  -O2 -Wall  conftest.c >&5
configure:4294: $? = 0
configure:4310: result: yes
configure:4267: checking for unistd.h
configure:4288: arm-linux-androideabi-gcc -c  -O2 -Wall  conftest.c >&5
configure:4294: $? = 0
configure:4310: result: yes
configure:4322: checking for off_t
configure:4352: arm-linux-androideabi-gcc -c  -O2 -Wall  conftest.c >&5
configure:4358: $? = 0
configure:4373: result: yes
configure:4380: checking size of off_t
configure:4411: arm-linux-androideabi-gcc -c  -O2 -Wall  conftest.c >&5
conftest.c: In function 'main':
conftest.c:56:12: warning: variable 'test_array' set but not used [-Wunused-but-set-variable]
configure:4417: $? = 0
configure:4448: arm-linux-androideabi-gcc -c  -O2 -Wall  conftest.c >&5
conftest.c: In function 'main':
conftest.c:56:12: error: size of array 'test_array' is negative
conftest.c:56:12: warning: variable 'test_array' set but not used [-Wunused-but-set-variable]
configure:4454: $? = 1
configure: failed program was:
| /* confdefs.h.  */
| #define PACKAGE_NAME ""
| #define PACKAGE_TARNAME ""
| #define PACKAGE_VERSION ""
| #define PACKAGE_STRING ""
| #define PACKAGE_BUGREPORT ""
| #define OS_TYPE "linux-androideabi"
| #define STDC_HEADERS 1
| #define HAVE_SYS_TYPES_H 1
| #define HAVE_SYS_STAT_H 1
| #define HAVE_STDLIB_H 1
| #define HAVE_STRING_H 1
| #define HAVE_MEMORY_H 1
| #define HAVE_STRINGS_H 1
| #define HAVE_INTTYPES_H 1
| #define HAVE_STDINT_H 1
| #define HAVE_UNISTD_H 1
| /* end confdefs.h.  */
| #include <stdio.h>
| #ifdef HAVE_SYS_TYPES_H
| # include <sys/types.h>
| #endif
| #ifdef HAVE_SYS_STAT_H
| # include <sys/stat.h>
| #endif
| #ifdef STDC_HEADERS
| # include <stdlib.h>
| # include <stddef.h>
| #else
| # ifdef HAVE_STDLIB_H
| #  include <stdlib.h>
| # endif
| #endif
| #ifdef HAVE_STRING_H
| # if !defined STDC_HEADERS && defined HAVE_MEMORY_H
| #  include <memory.h>
| # endif
| # include <string.h>
| #endif
| #ifdef HAVE_STRINGS_H
| # include <strings.h>
| #endif
| #ifdef HAVE_INTTYPES_H
| # include <inttypes.h>
| #endif
| #ifdef HAVE_STDINT_H
| # include <stdint.h>
| #endif
| #ifdef HAVE_UNISTD_H
| # include <unistd.h>
| #endif
|    typedef off_t ac__type_sizeof_;
| int
| main ()
| {
| static int test_array [1 - 2 * !(((long int) (sizeof (ac__type_sizeof_))) <= 0)];
| test_array [0] = 0
| 
|   ;
|   return 0;
| }
configure:4448: arm-linux-androideabi-gcc -c  -O2 -Wall  conftest.c >&5
conftest.c: In function 'main':
conftest.c:56:12: error: size of array 'test_array' is negative
conftest.c:56:12: warning: variable 'test_array' set but not used [-Wunused-but-set-variable]
configure:4454: $? = 1
configure: failed program was:
| /* confdefs.h.  */
| #define PACKAGE_NAME ""
| #define PACKAGE_TARNAME ""
| #define PACKAGE_VERSION ""
| #define PACKAGE_STRING ""
| #define PACKAGE_BUGREPORT ""
| #define OS_TYPE "linux-androideabi"
| #define STDC_HEADERS 1
| #define HAVE_SYS_TYPES_H 1
| #define HAVE_SYS_STAT_H 1
| #define HAVE_STDLIB_H 1
| #define HAVE_STRING_H 1
| #define HAVE_MEMORY_H 1
| #define HAVE_STRINGS_H 1
| #define HAVE_INTTYPES_H 1
| #define HAVE_STDINT_H 1
| #define HAVE_UNISTD_H 1
| /* end confdefs.h.  */
| #include <stdio.h>
| #ifdef HAVE_SYS_TYPES_H
| # include <sys/types.h>
| #endif
| #ifdef HAVE_SYS_STAT_H
| # include <sys/stat.h>
| #endif
| #ifdef STDC_HEADERS
| # include <stdlib.h>
| # include <stddef.h>
| #else
| # ifdef HAVE_STDLIB_H
| #  include <stdlib.h>
| # endif
| #endif
| #ifdef HAVE_STRING_H
| # if !defined STDC_HEADERS && defined HAVE_MEMORY_H
| #  include <memory.h>
| # endif
| # include <string.h>
| #endif
| #ifdef HAVE_STRINGS_H
| # include <strings.h>
| #endif
| #ifdef HAVE_INTTYPES_H
| # include <inttypes.h>
| #endif
| #ifdef HAVE_STDINT_H
| # include <stdint.h>
| #endif
| #ifdef HAVE_UNISTD_H
| # include <unistd.h>
| #endif
|    typedef off_t ac__type_sizeof_;
| int
| main ()
| {
| static int test_array [1 - 2 * !(((long int) (sizeof (ac__type_sizeof_))) <= 1)];
| test_array [0] = 0
| 
|   ;
|   return 0;
| }
configure:4448: arm-linux-androideabi-gcc -c  -O2 -Wall  conftest.c >&5
conftest.c: In function 'main':
conftest.c:56:12: error: size of array 'test_array' is negative
conftest.c:56:12: warning: variable 'test_array' set but not used [-Wunused-but-set-variable]
configure:4454: $? = 1
configure: failed program was:
| /* confdefs.h.  */
| #define PACKAGE_NAME ""
| #define PACKAGE_TARNAME ""
| #define PACKAGE_VERSION ""
| #define PACKAGE_STRING ""
| #define PACKAGE_BUGREPORT ""
| #define OS_TYPE "linux-androideabi"
| #define STDC_HEADERS 1
| #define HAVE_SYS_TYPES_H 1
| #define HAVE_SYS_STAT_H 1
| #define HAVE_STDLIB_H 1
| #define HAVE_STRING_H 1
| #define HAVE_MEMORY_H 1
| #define HAVE_STRINGS_H 1
| #define HAVE_INTTYPES_H 1
| #define HAVE_STDINT_H 1
| #define HAVE_UNISTD_H 1
| /* end confdefs.h.  */
| #include <stdio.h>
| #ifdef HAVE_SYS_TYPES_H
| # include <sys/types.h>
| #endif
| #ifdef HAVE_SYS_STAT_H
| # include <sys/stat.h>
| #endif
| #ifdef STDC_HEADERS
| # include <stdlib.h>
| # include <stddef.h>
| #else
| # ifdef HAVE_STDLIB_H
| #  include <stdlib.h>
| # endif
| #endif
| #ifdef HAVE_STRING_H
| # if !defined STDC_HEADERS && defined HAVE_MEMORY_H
| #  include <memory.h>
| # endif
| # include <string.h>
| #endif
| #ifdef HAVE_STRINGS_H
| # include <strings.h>
| #endif
| #ifdef HAVE_INTTYPES_H
| # include <inttypes.h>
| #endif
| #ifdef HAVE_STDINT_H
| # include <stdint.h>
| #endif
| #ifdef HAVE_UNISTD_H
| # include <unistd.h>
| #endif
|    typedef off_t ac__type_sizeof_;
| int
| main ()
| {
| static int test_array [1 - 2 * !(((long int) (sizeof (ac__type_sizeof_))) <= 3)];
| test_array [0] = 0
| 
|   ;
|   return 0;
| }
configure:4448: arm-linux-androideabi-gcc -c  -O2 -Wall  conftest.c >&5
conftest.c: In function 'main':
conftest.c:56:12: warning: variable 'test_array' set but not used [-Wunused-but-set-variable]
configure:4454: $? = 0
configure:4603: arm-linux-androideabi-gcc -c  -O2 -Wall  conftest.c >&5
conftest.c: In function 'main':
conftest.c:56:12: warning: variable 'test_array' set but not used [-Wunused-but-set-variable]
configure:4609: $? = 0
configure:4603: arm-linux-androideabi-gcc -c  -O2 -Wall  conftest.c >&5
conftest.c: In function 'main':
conftest.c:56:12: warning: variable 'test_array' set but not used [-Wunused-but-set-variable]
configure:4609: $? = 0
configure:4717: result: 4
configure:4728: checking for stdbool.h that conforms to C99
configure:4821: arm-linux-androideabi-gcc -c  -O2 -Wall  conftest.c >&5
conftest.c:47:2: warning: the address of 's' will always evaluate as 'true' [-Waddress]
conftest.c: In function 'main':
conftest.c:89:10: warning: the address of 'a' will always evaluate as 'true' [-Waddress]
conftest.c:89:15: warning: the address of 'b' will always evaluate as 'true' [-Waddress]
conftest.c:89:20: warning: the address of 'c' will always evaluate as 'true' [-Waddress]
conftest.c:89:25: warning: the address of 'd' will always evaluate as 'true' [-Waddress]
conftest.c:89:35: warning: the address of 'f' will always evaluate as 'true' [-Waddress]
conftest.c:89:40: warning: the address of 'g' will always evaluate as 'true' [-Waddress]
conftest.c:89:45: warning: the address of 'h' will always evaluate as 'true' [-Waddress]
conftest.c:89:50: warning: the address of 'i' will always evaluate as 'true' [-Waddress]
conftest.c:90:10: warning: the address of 'n' will always evaluate as 'true' [-Waddress]
conftest.c:90:15: warning: the address of 'o' will always evaluate as 'true' [-Waddress]
conftest.c:90:20: warning: the address of 'p' will always evaluate as 'true' [-Waddress]
configure:4827: $? = 0
configure:4842: result: yes
configure:4844: checking for _Bool
configure:4874: arm-linux-androideabi-gcc -c  -O2 -Wall  conftest.c >&5
configure:4880: $? = 0
configure:4895: result: yes
configure:4920: checking for unistd.h
configure:4926: result: yes
configure:4930: checking sys/time.h usability
configure:4947: arm-linux-androideabi-gcc -c  -O2 -Wall  conftest.c >&5
configure:4953: $? = 0
configure:4967: result: yes
configure:4971: checking sys/time.h presence
configure:4986: arm-linux-androideabi-gcc -E  conftest.c
configure:4992: $? = 0
configure:5006: result: yes
configure:5034: checking for sys/time.h
configure:5042: result: yes
configure:5074: checking termios.h usability
configure:5091: arm-linux-androideabi-gcc -c  -O2 -Wall  conftest.c >&5
configure:5097: $? = 0
configure:5111: result: yes
configure:5115: checking termios.h presence
configure:5130: arm-linux-androideabi-gcc -E  conftest.c
configure:5136: $? = 0
configure:5150: result: yes
configure:5178: checking for termios.h
configure:5186: result: yes
configure:5074: checking sys/ioctl.h usability
configure:5091: arm-linux-androideabi-gcc -c  -O2 -Wall  conftest.c >&5
configure:5097: $? = 0
configure:5111: result: yes
configure:5115: checking sys/ioctl.h presence
configure:5130: arm-linux-androideabi-gcc -E  conftest.c
configure:5136: $? = 0
configure:5150: result: yes
configure:5178: checking for sys/ioctl.h
configure:5186: result: yes
configure:5074: checking sys/select.h usability
configure:5091: arm-linux-androideabi-gcc -c  -O2 -Wall  conftest.c >&5
configure:5097: $? = 0
configure:5111: result: yes
configure:5115: checking sys/select.h presence
configure:5130: arm-linux-androideabi-gcc -E  conftest.c
configure:5136: $? = 0
configure:5150: result: yes
configure:5178: checking for sys/select.h
configure:5186: result: yes
configure:5074: checking utime.h usability
configure:5091: arm-linux-androideabi-gcc -c  -O2 -Wall  conftest.c >&5
configure:5097: $? = 0
configure:5111: result: yes
configure:5115: checking utime.h presence
configure:5130: arm-linux-androideabi-gcc -E  conftest.c
configure:5136: $? = 0
configure:5150: result: yes
configure:5178: checking for utime.h
configure:5186: result: yes
configure:5074: checking sys/utime.h usability
configure:5091: arm-linux-androideabi-gcc -c  -O2 -Wall  conftest.c >&5
configure:5097: $? = 0
configure:5111: result: yes
configure:5115: checking sys/utime.h presence
configure:5130: arm-linux-androideabi-gcc -E  conftest.c
configure:5136: $? = 0
configure:5150: result: yes
configure:5178: checking for sys/utime.h
configure:5186: result: yes
configure:5207: checking for stdint.h
configure:5213: result: yes
configure:5207: checking for inttypes.h
configure:5213: result: yes
configure:5217: checking pwd.h usability
configure:5234: arm-linux-androideabi-gcc -c  -O2 -Wall  conftest.c >&5
configure:5240: $? = 0
configure:5254: result: yes
configure:5258: checking pwd.h presence
configure:5273: arm-linux-androideabi-gcc -E  conftest.c
configure:5279: $? = 0
configure:5293: result: yes
configure:5321: checking for pwd.h
configure:5329: result: yes
configure:5217: checking wchar.h usability
configure:5234: arm-linux-androideabi-gcc -c  -O2 -Wall  conftest.c >&5
configure:5240: $? = 0
configure:5254: result: yes
configure:5258: checking wchar.h presence
configure:5273: arm-linux-androideabi-gcc -E  conftest.c
configure:5279: $? = 0
configure:5293: result: yes
configure:5321: checking for wchar.h
configure:5329: result: yes
configure:5343: checking for short
configure:5373: arm-linux-androideabi-gcc -c  -O2 -Wall  conftest.c >&5
configure:5379: $? = 0
configure:5394: result: yes
configure:5401: checking size of short
configure:5432: arm-linux-androideabi-gcc -c  -O2 -Wall  conftest.c >&5
conftest.c: In function 'main':
conftest.c:70:12: warning: variable 'test_array' set but not used [-Wunused-but-set-variable]
configure:5438: $? = 0
configure:5469: arm-linux-androideabi-gcc -c  -O2 -Wall  conftest.c >&5
conftest.c: In function 'main':
conftest.c:70:12: error: size of array 'test_array' is negative
conftest.c:70:12: warning: variable 'test_array' set but not used [-Wunused-but-set-variable]
configure:5475: $? = 1
configure: failed program was:
| /* confdefs.h.  */
| #define PACKAGE_NAME ""
| #define PACKAGE_TARNAME ""
| #define PACKAGE_VERSION ""
| #define PACKAGE_STRING ""
| #define PACKAGE_BUGREPORT ""
| #define OS_TYPE "linux-androideabi"
| #define STDC_HEADERS 1
| #define HAVE_SYS_TYPES_H 1
| #define HAVE_SYS_STAT_H 1
| #define HAVE_STDLIB_H 1
| #define HAVE_STRING_H 1
| #define HAVE_MEMORY_H 1
| #define HAVE_STRINGS_H 1
| #define HAVE_INTTYPES_H 1
| #define HAVE_STDINT_H 1
| #define HAVE_UNISTD_H 1
| #define SIZEOF_OFF_T 4
| #define HAVE__BOOL 1
| #define HAVE_STDBOOL_H 1
| #define HAVE_UNISTD_H 1
| #define HAVE_SYS_TIME_H 1
| #define HAVE_TERMIOS_H 1
| #define HAVE_SYS_IOCTL_H 1
| #define HAVE_SYS_SELECT_H 1
| #define HAVE_UTIME_H 1
| #define HAVE_SYS_UTIME_H 1
| #define HAVE_STDINT_H 1
| #define HAVE_INTTYPES_H 1
| #define HAVE_PWD_H 1
| #define HAVE_WCHAR_H 1
| /* end confdefs.h.  */
| #include <stdio.h>
| #ifdef HAVE_SYS_TYPES_H
| # include <sys/types.h>
| #endif
| #ifdef HAVE_SYS_STAT_H
| # include <sys/stat.h>
| #endif
| #ifdef STDC_HEADERS
| # include <stdlib.h>
| # include <stddef.h>
| #else
| # ifdef HAVE_STDLIB_H
| #  include <stdlib.h>
| # endif
| #endif
| #ifdef HAVE_STRING_H
| # if !defined STDC_HEADERS && defined HAVE_MEMORY_H
| #  include <memory.h>
| # endif
| # include <string.h>
| #endif
| #ifdef HAVE_STRINGS_H
| # include <strings.h>
| #endif
| #ifdef HAVE_INTTYPES_H
| # include <inttypes.h>
| #endif
| #ifdef HAVE_STDINT_H
| # include <stdint.h>
| #endif
| #ifdef HAVE_UNISTD_H
| # include <unistd.h>
| #endif
|    typedef short ac__type_sizeof_;
| int
| main ()
| {
| static int test_array [1 - 2 * !(((long int) (sizeof (ac__type_sizeof_))) <= 0)];
| test_array [0] = 0
| 
|   ;
|   return 0;
| }
configure:5469: arm-linux-androideabi-gcc -c  -O2 -Wall  conftest.c >&5
conftest.c: In function 'main':
conftest.c:70:12: error: size of array 'test_array' is negative
conftest.c:70:12: warning: variable 'test_array' set but not used [-Wunused-but-set-variable]
configure:5475: $? = 1
configure: failed program was:
| /* confdefs.h.  */
| #define PACKAGE_NAME ""
| #define PACKAGE_TARNAME ""
| #define PACKAGE_VERSION ""
| #define PACKAGE_STRING ""
| #define PACKAGE_BUGREPORT ""
| #define OS_TYPE "linux-androideabi"
| #define STDC_HEADERS 1
| #define HAVE_SYS_TYPES_H 1
| #define HAVE_SYS_STAT_H 1
| #define HAVE_STDLIB_H 1
| #define HAVE_STRING_H 1
| #define HAVE_MEMORY_H 1
| #define HAVE_STRINGS_H 1
| #define HAVE_INTTYPES_H 1
| #define HAVE_STDINT_H 1
| #define HAVE_UNISTD_H 1
| #define SIZEOF_OFF_T 4
| #define HAVE__BOOL 1
| #define HAVE_STDBOOL_H 1
| #define HAVE_UNISTD_H 1
| #define HAVE_SYS_TIME_H 1
| #define HAVE_TERMIOS_H 1
| #define HAVE_SYS_IOCTL_H 1
| #define HAVE_SYS_SELECT_H 1
| #define HAVE_UTIME_H 1
| #define HAVE_SYS_UTIME_H 1
| #define HAVE_STDINT_H 1
| #define HAVE_INTTYPES_H 1
| #define HAVE_PWD_H 1
| #define HAVE_WCHAR_H 1
| /* end confdefs.h.  */
| #include <stdio.h>
| #ifdef HAVE_SYS_TYPES_H
| # include <sys/types.h>
| #endif
| #ifdef HAVE_SYS_STAT_H
| # include <sys/stat.h>
| #endif
| #ifdef STDC_HEADERS
| # include <stdlib.h>
| # include <stddef.h>
| #else
| # ifdef HAVE_STDLIB_H
| #  include <stdlib.h>
| # endif
| #endif
| #ifdef HAVE_STRING_H
| # if !defined STDC_HEADERS && defined HAVE_MEMORY_H
| #  include <memory.h>
| # endif
| # include <string.h>
| #endif
| #ifdef HAVE_STRINGS_H
| # include <strings.h>
| #endif
| #ifdef HAVE_INTTYPES_H
| # include <inttypes.h>
| #endif
| #ifdef HAVE_STDINT_H
| # include <stdint.h>
| #endif
| #ifdef HAVE_UNISTD_H
| # include <unistd.h>
| #endif
|    typedef short ac__type_sizeof_;
| int
| main ()
| {
| static int test_array [1 - 2 * !(((long int) (sizeof (ac__type_sizeof_))) <= 1)];
| test_array [0] = 0
| 
|   ;
|   return 0;
| }
configure:5469: arm-linux-androideabi-gcc -c  -O2 -Wall  conftest.c >&5
conftest.c: In function 'main':
conftest.c:70:12: warning: variable 'test_array' set but not used [-Wunused-but-set-variable]
configure:5475: $? = 0
configure:5624: arm-linux-androideabi-gcc -c  -O2 -Wall  conftest.c >&5
conftest.c: In function 'main':
conftest.c:70:12: warning: variable 'test_array' set but not used [-Wunused-but-set-variable]
configure:5630: $? = 0
configure:5738: result: 2
configure:5748: checking for int
configure:5778: arm-linux-androideabi-gcc -c  -O2 -Wall  conftest.c >&5
configure:5784: $? = 0
configure:5799: result: yes
configure:5806: checking size of int
configure:5837: arm-linux-androideabi-gcc -c  -O2 -Wall  conftest.c >&5
conftest.c: In function 'main':
conftest.c:71:12: warning: variable 'test_array' set but not used [-Wunused-but-set-variable]
configure:5843: $? = 0
configure:5874: arm-linux-androideabi-gcc -c  -O2 -Wall  conftest.c >&5
conftest.c: In function 'main':
conftest.c:71:12: error: size of array 'test_array' is negative
conftest.c:71:12: warning: variable 'test_array' set but not used [-Wunused-but-set-variable]
configure:5880: $? = 1
configure: failed program was:
| /* confdefs.h.  */
| #define PACKAGE_NAME ""
| #define PACKAGE_TARNAME ""
| #define PACKAGE_VERSION ""
| #define PACKAGE_STRING ""
| #define PACKAGE_BUGREPORT ""
| #define OS_TYPE "linux-androideabi"
| #define STDC_HEADERS 1
| #define HAVE_SYS_TYPES_H 1
| #define HAVE_SYS_STAT_H 1
| #define HAVE_STDLIB_H 1
| #define HAVE_STRING_H 1
| #define HAVE_MEMORY_H 1
| #define HAVE_STRINGS_H 1
| #define HAVE_INTTYPES_H 1
| #define HAVE_STDINT_H 1
| #define HAVE_UNISTD_H 1
| #define SIZEOF_OFF_T 4
| #define HAVE__BOOL 1
| #define HAVE_STDBOOL_H 1
| #define HAVE_UNISTD_H 1
| #define HAVE_SYS_TIME_H 1
| #define HAVE_TERMIOS_H 1
| #define HAVE_SYS_IOCTL_H 1
| #define HAVE_SYS_SELECT_H 1
| #define HAVE_UTIME_H 1
| #define HAVE_SYS_UTIME_H 1
| #define HAVE_STDINT_H 1
| #define HAVE_INTTYPES_H 1
| #define HAVE_PWD_H 1
| #define HAVE_WCHAR_H 1
| #define SIZEOF_SHORT 2
| /* end confdefs.h.  */
| #include <stdio.h>
| #ifdef HAVE_SYS_TYPES_H
| # include <sys/types.h>
| #endif
| #ifdef HAVE_SYS_STAT_H
| # include <sys/stat.h>
| #endif
| #ifdef STDC_HEADERS
| # include <stdlib.h>
| # include <stddef.h>
| #else
| # ifdef HAVE_STDLIB_H
| #  include <stdlib.h>
| # endif
| #endif
| #ifdef HAVE_STRING_H
| # if !defined STDC_HEADERS && defined HAVE_MEMORY_H
| #  include <memory.h>
| # endif
| # include <string.h>
| #endif
| #ifdef HAVE_STRINGS_H
| # include <strings.h>
| #endif
| #ifdef HAVE_INTTYPES_H
| # include <inttypes.h>
| #endif
| #ifdef HAVE_STDINT_H
| # include <stdint.h>
| #endif
| #ifdef HAVE_UNISTD_H
| # include <unistd.h>
| #endif
|    typedef int ac__type_sizeof_;
| int
| main ()
| {
| static int test_array [1 - 2 * !(((long int) (sizeof (ac__type_sizeof_))) <= 0)];
| test_array [0] = 0
| 
|   ;
|   return 0;
| }
configure:5874: arm-linux-androideabi-gcc -c  -O2 -Wall  conftest.c >&5
conftest.c: In function 'main':
conftest.c:71:12: error: size of array 'test_array' is negative
conftest.c:71:12: warning: variable 'test_array' set but not used [-Wunused-but-set-variable]
configure:5880: $? = 1
configure: failed program was:
| /* confdefs.h.  */
| #define PACKAGE_NAME ""
| #define PACKAGE_TARNAME ""
| #define PACKAGE_VERSION ""
| #define PACKAGE_STRING ""
| #define PACKAGE_BUGREPORT ""
| #define OS_TYPE "linux-androideabi"
| #define STDC_HEADERS 1
| #define HAVE_SYS_TYPES_H 1
| #define HAVE_SYS_STAT_H 1
| #define HAVE_STDLIB_H 1
| #define HAVE_STRING_H 1
| #define HAVE_MEMORY_H 1
| #define HAVE_STRINGS_H 1
| #define HAVE_INTTYPES_H 1
| #define HAVE_STDINT_H 1
| #define HAVE_UNISTD_H 1
| #define SIZEOF_OFF_T 4
| #define HAVE__BOOL 1
| #define HAVE_STDBOOL_H 1
| #define HAVE_UNISTD_H 1
| #define HAVE_SYS_TIME_H 1
| #define HAVE_TERMIOS_H 1
| #define HAVE_SYS_IOCTL_H 1
| #define HAVE_SYS_SELECT_H 1
| #define HAVE_UTIME_H 1
| #define HAVE_SYS_UTIME_H 1
| #define HAVE_STDINT_H 1
| #define HAVE_INTTYPES_H 1
| #define HAVE_PWD_H 1
| #define HAVE_WCHAR_H 1
| #define SIZEOF_SHORT 2
| /* end confdefs.h.  */
| #include <stdio.h>
| #ifdef HAVE_SYS_TYPES_H
| # include <sys/types.h>
| #endif
| #ifdef HAVE_SYS_STAT_H
| # include <sys/stat.h>
| #endif
| #ifdef STDC_HEADERS
| # include <stdlib.h>
| # include <stddef.h>
| #else
| # ifdef HAVE_STDLIB_H
| #  include <stdlib.h>
| # endif
| #endif
| #ifdef HAVE_STRING_H
| # if !defined STDC_HEADERS && defined HAVE_MEMORY_H
| #  include <memory.h>
| # endif
| # include <string.h>
| #endif
| #ifdef HAVE_STRINGS_H
| # include <strings.h>
| #endif
| #ifdef HAVE_INTTYPES_H
| # include <inttypes.h>
| #endif
| #ifdef HAVE_STDINT_H
| # include <stdint.h>
| #endif
| #ifdef HAVE_UNISTD_H
| # include <unistd.h>
| #endif
|    typedef int ac__type_sizeof_;
| int
| main ()
| {
| static int test_array [1 - 2 * !(((long int) (sizeof (ac__type_sizeof_))) <= 1)];
| test_array [0] = 0
| 
|   ;
|   return 0;
| }
configure:5874: arm-linux-androideabi-gcc -c  -O2 -Wall  conftest.c >&5
conftest.c: In function 'main':
conftest.c:71:12: error: size of array 'test_array' is negative
conftest.c:71:12: warning: variable 'test_array' set but not used [-Wunused-but-set-variable]
configure:5880: $? = 1
configure: failed program was:
| /* confdefs.h.  */
| #define PACKAGE_NAME ""
| #define PACKAGE_TARNAME ""
| #define PACKAGE_VERSION ""
| #define PACKAGE_STRING ""
| #define PACKAGE_BUGREPORT ""
| #define OS_TYPE "linux-androideabi"
| #define STDC_HEADERS 1
| #define HAVE_SYS_TYPES_H 1
| #define HAVE_SYS_STAT_H 1
| #define HAVE_STDLIB_H 1
| #define HAVE_STRING_H 1
| #define HAVE_MEMORY_H 1
| #define HAVE_STRINGS_H 1
| #define HAVE_INTTYPES_H 1
| #define HAVE_STDINT_H 1
| #define HAVE_UNISTD_H 1
| #define SIZEOF_OFF_T 4
| #define HAVE__BOOL 1
| #define HAVE_STDBOOL_H 1
| #define HAVE_UNISTD_H 1
| #define HAVE_SYS_TIME_H 1
| #define HAVE_TERMIOS_H 1
| #define HAVE_SYS_IOCTL_H 1
| #define HAVE_SYS_SELECT_H 1
| #define HAVE_UTIME_H 1
| #define HAVE_SYS_UTIME_H 1
| #define HAVE_STDINT_H 1
| #define HAVE_INTTYPES_H 1
| #define HAVE_PWD_H 1
| #define HAVE_WCHAR_H 1
| #define SIZEOF_SHORT 2
| /* end confdefs.h.  */
| #include <stdio.h>
| #ifdef HAVE_SYS_TYPES_H
| # include <sys/types.h>
| #endif
| #ifdef HAVE_SYS_STAT_H
| # include <sys/stat.h>
| #endif
| #ifdef STDC_HEADERS
| # include <stdlib.h>
| # include <stddef.h>
| #else
| # ifdef HAVE_STDLIB_H
| #  include <stdlib.h>
| # endif
| #endif
| #ifdef HAVE_STRING_H
| # if !defined STDC_HEADERS && defined HAVE_MEMORY_H
| #  include <memory.h>
| # endif
| # include <string.h>
| #endif
| #ifdef HAVE_STRINGS_H
| # include <strings.h>
| #endif
| #ifdef HAVE_INTTYPES_H
| # include <inttypes.h>
| #endif
| #ifdef HAVE_STDINT_H
| # include <stdint.h>
| #endif
| #ifdef HAVE_UNISTD_H
| # include <unistd.h>
| #endif
|    typedef int ac__type_sizeof_;
| int
| main ()
| {
| static int test_array [1 - 2 * !(((long int) (sizeof (ac__type_sizeof_))) <= 3)];
| test_array [0] = 0
| 
|   ;
|   return 0;
| }
configure:5874: arm-linux-androideabi-gcc -c  -O2 -Wall  conftest.c >&5
conftest.c: In function 'main':
conftest.c:71:12: warning: variable 'test_array' set but not used [-Wunused-but-set-variable]
configure:5880: $? = 0
configure:6029: arm-linux-androideabi-gcc -c  -O2 -Wall  conftest.c >&5
conftest.c: In function 'main':
conftest.c:71:12: warning: variable 'test_array' set but not used [-Wunused-but-set-variable]
configure:6035: $? = 0
configure:6029: arm-linux-androideabi-gcc -c  -O2 -Wall  conftest.c >&5
conftest.c: In function 'main':
conftest.c:71:12: warning: variable 'test_array' set but not used [-Wunused-but-set-variable]
configure:6035: $? = 0
configure:6143: result: 4
configure:6153: checking for long
configure:6183: arm-linux-androideabi-gcc -c  -O2 -Wall  conftest.c >&5
configure:6189: $? = 0
configure:6204: result: yes
configure:6211: checking size of long
configure:6242: arm-linux-androideabi-gcc -c  -O2 -Wall  conftest.c >&5
conftest.c: In function 'main':
conftest.c:72:12: warning: variable 'test_array' set but not used [-Wunused-but-set-variable]
configure:6248: $? = 0
configure:6279: arm-linux-androideabi-gcc -c  -O2 -Wall  conftest.c >&5
conftest.c: In function 'main':
conftest.c:72:12: error: size of array 'test_array' is negative
conftest.c:72:12: warning: variable 'test_array' set but not used [-Wunused-but-set-variable]
configure:6285: $? = 1
configure: failed program was:
| /* confdefs.h.  */
| #define PACKAGE_NAME ""
| #define PACKAGE_TARNAME ""
| #define PACKAGE_VERSION ""
| #define PACKAGE_STRING ""
| #define PACKAGE_BUGREPORT ""
| #define OS_TYPE "linux-androideabi"
| #define STDC_HEADERS 1
| #define HAVE_SYS_TYPES_H 1
| #define HAVE_SYS_STAT_H 1
| #define HAVE_STDLIB_H 1
| #define HAVE_STRING_H 1
| #define HAVE_MEMORY_H 1
| #define HAVE_STRINGS_H 1
| #define HAVE_INTTYPES_H 1
| #define HAVE_STDINT_H 1
| #define HAVE_UNISTD_H 1
| #define SIZEOF_OFF_T 4
| #define HAVE__BOOL 1
| #define HAVE_STDBOOL_H 1
| #define HAVE_UNISTD_H 1
| #define HAVE_SYS_TIME_H 1
| #define HAVE_TERMIOS_H 1
| #define HAVE_SYS_IOCTL_H 1
| #define HAVE_SYS_SELECT_H 1
| #define HAVE_UTIME_H 1
| #define HAVE_SYS_UTIME_H 1
| #define HAVE_STDINT_H 1
| #define HAVE_INTTYPES_H 1
| #define HAVE_PWD_H 1
| #define HAVE_WCHAR_H 1
| #define SIZEOF_SHORT 2
| #define SIZEOF_INT 4
| /* end confdefs.h.  */
| #include <stdio.h>
| #ifdef HAVE_SYS_TYPES_H
| # include <sys/types.h>
| #endif
| #ifdef HAVE_SYS_STAT_H
| # include <sys/stat.h>
| #endif
| #ifdef STDC_HEADERS
| # include <stdlib.h>
| # include <stddef.h>
| #else
| # ifdef HAVE_STDLIB_H
| #  include <stdlib.h>
| # endif
| #endif
| #ifdef HAVE_STRING_H
| # if !defined STDC_HEADERS && defined HAVE_MEMORY_H
| #  include <memory.h>
| # endif
| # include <string.h>
| #endif
| #ifdef HAVE_STRINGS_H
| # include <strings.h>
| #endif
| #ifdef HAVE_INTTYPES_H
| # include <inttypes.h>
| #endif
| #ifdef HAVE_STDINT_H
| # include <stdint.h>
| #endif
| #ifdef HAVE_UNISTD_H
| # include <unistd.h>
| #endif
|    typedef long ac__type_sizeof_;
| int
| main ()
| {
| static int test_array [1 - 2 * !(((long int) (sizeof (ac__type_sizeof_))) <= 0)];
| test_array [0] = 0
| 
|   ;
|   return 0;
| }
configure:6279: arm-linux-androideabi-gcc -c  -O2 -Wall  conftest.c >&5
conftest.c: In function 'main':
conftest.c:72:12: error: size of array 'test_array' is negative
conftest.c:72:12: warning: variable 'test_array' set but not used [-Wunused-but-set-variable]
configure:6285: $? = 1
configure: failed program was:
| /* confdefs.h.  */
| #define PACKAGE_NAME ""
| #define PACKAGE_TARNAME ""
| #define PACKAGE_VERSION ""
| #define PACKAGE_STRING ""
| #define PACKAGE_BUGREPORT ""
| #define OS_TYPE "linux-androideabi"
| #define STDC_HEADERS 1
| #define HAVE_SYS_TYPES_H 1
| #define HAVE_SYS_STAT_H 1
| #define HAVE_STDLIB_H 1
| #define HAVE_STRING_H 1
| #define HAVE_MEMORY_H 1
| #define HAVE_STRINGS_H 1
| #define HAVE_INTTYPES_H 1
| #define HAVE_STDINT_H 1
| #define HAVE_UNISTD_H 1
| #define SIZEOF_OFF_T 4
| #define HAVE__BOOL 1
| #define HAVE_STDBOOL_H 1
| #define HAVE_UNISTD_H 1
| #define HAVE_SYS_TIME_H 1
| #define HAVE_TERMIOS_H 1
| #define HAVE_SYS_IOCTL_H 1
| #define HAVE_SYS_SELECT_H 1
| #define HAVE_UTIME_H 1
| #define HAVE_SYS_UTIME_H 1
| #define HAVE_STDINT_H 1
| #define HAVE_INTTYPES_H 1
| #define HAVE_PWD_H 1
| #define HAVE_WCHAR_H 1
| #define SIZEOF_SHORT 2
| #define SIZEOF_INT 4
| /* end confdefs.h.  */
| #include <stdio.h>
| #ifdef HAVE_SYS_TYPES_H
| # include <sys/types.h>
| #endif
| #ifdef HAVE_SYS_STAT_H
| # include <sys/stat.h>
| #endif
| #ifdef STDC_HEADERS
| # include <stdlib.h>
| # include <stddef.h>
| #else
| # ifdef HAVE_STDLIB_H
| #  include <stdlib.h>
| # endif
| #endif
| #ifdef HAVE_STRING_H
| # if !defined STDC_HEADERS && defined HAVE_MEMORY_H
| #  include <memory.h>
| # endif
| # include <string.h>
| #endif
| #ifdef HAVE_STRINGS_H
| # include <strings.h>
| #endif
| #ifdef HAVE_INTTYPES_H
| # include <inttypes.h>
| #endif
| #ifdef HAVE_STDINT_H
| # include <stdint.h>
| #endif
| #ifdef HAVE_UNISTD_H
| # include <unistd.h>
| #endif
|    typedef long ac__type_sizeof_;
| int
| main ()
| {
| static int test_array [1 - 2 * !(((long int) (sizeof (ac__type_sizeof_))) <= 1)];
| test_array [0] = 0
| 
|   ;
|   return 0;
| }
configure:6279: arm-linux-androideabi-gcc -c  -O2 -Wall  conftest.c >&5
conftest.c: In function 'main':
conftest.c:72:12: error: size of array 'test_array' is negative
conftest.c:72:12: warning: variable 'test_array' set but not used [-Wunused-but-set-variable]
configure:6285: $? = 1
configure: failed program was:
| /* confdefs.h.  */
| #define PACKAGE_NAME ""
| #define PACKAGE_TARNAME ""
| #define PACKAGE_VERSION ""
| #define PACKAGE_STRING ""
| #define PACKAGE_BUGREPORT ""
| #define OS_TYPE "linux-androideabi"
| #define STDC_HEADERS 1
| #define HAVE_SYS_TYPES_H 1
| #define HAVE_SYS_STAT_H 1
| #define HAVE_STDLIB_H 1
| #define HAVE_STRING_H 1
| #define HAVE_MEMORY_H 1
| #define HAVE_STRINGS_H 1
| #define HAVE_INTTYPES_H 1
| #define HAVE_STDINT_H 1
| #define HAVE_UNISTD_H 1
| #define SIZEOF_OFF_T 4
| #define HAVE__BOOL 1
| #define HAVE_STDBOOL_H 1
| #define HAVE_UNISTD_H 1
| #define HAVE_SYS_TIME_H 1
| #define HAVE_TERMIOS_H 1
| #define HAVE_SYS_IOCTL_H 1
| #define HAVE_SYS_SELECT_H 1
| #define HAVE_UTIME_H 1
| #define HAVE_SYS_UTIME_H 1
| #define HAVE_STDINT_H 1
| #define HAVE_INTTYPES_H 1
| #define HAVE_PWD_H 1
| #define HAVE_WCHAR_H 1
| #define SIZEOF_SHORT 2
| #define SIZEOF_INT 4
| /* end confdefs.h.  */
| #include <stdio.h>
| #ifdef HAVE_SYS_TYPES_H
| # include <sys/types.h>
| #endif
| #ifdef HAVE_SYS_STAT_H
| # include <sys/stat.h>
| #endif
| #ifdef STDC_HEADERS
| # include <stdlib.h>
| # include <stddef.h>
| #else
| # ifdef HAVE_STDLIB_H
| #  include <stdlib.h>
| # endif
| #endif
| #ifdef HAVE_STRING_H
| # if !defined STDC_HEADERS && defined HAVE_MEMORY_H
| #  include <memory.h>
| # endif
| # include <string.h>
| #endif
| #ifdef HAVE_STRINGS_H
| # include <strings.h>
| #endif
| #ifdef HAVE_INTTYPES_H
| # include <inttypes.h>
| #endif
| #ifdef HAVE_STDINT_H
| # include <stdint.h>
| #endif
| #ifdef HAVE_UNISTD_H
| # include <unistd.h>
| #endif
|    typedef long ac__type_sizeof_;
| int
| main ()
| {
| static int test_array [1 - 2 * !(((long int) (sizeof (ac__type_sizeof_))) <= 3)];
| test_array [0] = 0
| 
|   ;
|   return 0;
| }
configure:6279: arm-linux-androideabi-gcc -c  -O2 -Wall  conftest.c >&5
conftest.c: In function 'main':
conftest.c:72:12: warning: variable 'test_array' set but not used [-Wunused-but-set-variable]
configure:6285: $? = 0
configure:6434: arm-linux-androideabi-gcc -c  -O2 -Wall  conftest.c >&5
conftest.c: In function 'main':
conftest.c:72:12: warning: variable 'test_array' set but not used [-Wunused-but-set-variable]
configure:6440: $? = 0
configure:6434: arm-linux-androideabi-gcc -c  -O2 -Wall  conftest.c >&5
conftest.c: In function 'main':
conftest.c:72:12: warning: variable 'test_array' set but not used [-Wunused-but-set-variable]
configure:6440: $? = 0
configure:6548: result: 4
configure:6558: checking for long long
configure:6588: arm-linux-androideabi-gcc -c  -O2 -Wall  conftest.c >&5
configure:6594: $? = 0
configure:6609: result: yes
configure:6616: checking size of long long
configure:6647: arm-linux-androideabi-gcc -c  -O2 -Wall  conftest.c >&5
conftest.c: In function 'main':
conftest.c:73:12: warning: variable 'test_array' set but not used [-Wunused-but-set-variable]
configure:6653: $? = 0
configure:6684: arm-linux-androideabi-gcc -c  -O2 -Wall  conftest.c >&5
conftest.c: In function 'main':
conftest.c:73:12: error: size of array 'test_array' is negative
conftest.c:73:12: warning: variable 'test_array' set but not used [-Wunused-but-set-variable]
configure:6690: $? = 1
configure: failed program was:
| /* confdefs.h.  */
| #define PACKAGE_NAME ""
| #define PACKAGE_TARNAME ""
| #define PACKAGE_VERSION ""
| #define PACKAGE_STRING ""
| #define PACKAGE_BUGREPORT ""
| #define OS_TYPE "linux-androideabi"
| #define STDC_HEADERS 1
| #define HAVE_SYS_TYPES_H 1
| #define HAVE_SYS_STAT_H 1
| #define HAVE_STDLIB_H 1
| #define HAVE_STRING_H 1
| #define HAVE_MEMORY_H 1
| #define HAVE_STRINGS_H 1
| #define HAVE_INTTYPES_H 1
| #define HAVE_STDINT_H 1
| #define HAVE_UNISTD_H 1
| #define SIZEOF_OFF_T 4
| #define HAVE__BOOL 1
| #define HAVE_STDBOOL_H 1
| #define HAVE_UNISTD_H 1
| #define HAVE_SYS_TIME_H 1
| #define HAVE_TERMIOS_H 1
| #define HAVE_SYS_IOCTL_H 1
| #define HAVE_SYS_SELECT_H 1
| #define HAVE_UTIME_H 1
| #define HAVE_SYS_UTIME_H 1
| #define HAVE_STDINT_H 1
| #define HAVE_INTTYPES_H 1
| #define HAVE_PWD_H 1
| #define HAVE_WCHAR_H 1
| #define SIZEOF_SHORT 2
| #define SIZEOF_INT 4
| #define SIZEOF_LONG 4
| /* end confdefs.h.  */
| #include <stdio.h>
| #ifdef HAVE_SYS_TYPES_H
| # include <sys/types.h>
| #endif
| #ifdef HAVE_SYS_STAT_H
| # include <sys/stat.h>
| #endif
| #ifdef STDC_HEADERS
| # include <stdlib.h>
| # include <stddef.h>
| #else
| # ifdef HAVE_STDLIB_H
| #  include <stdlib.h>
| # endif
| #endif
| #ifdef HAVE_STRING_H
| # if !defined STDC_HEADERS && defined HAVE_MEMORY_H
| #  include <memory.h>
| # endif
| # include <string.h>
| #endif
| #ifdef HAVE_STRINGS_H
| # include <strings.h>
| #endif
| #ifdef HAVE_INTTYPES_H
| # include <inttypes.h>
| #endif
| #ifdef HAVE_STDINT_H
| # include <stdint.h>
| #endif
| #ifdef HAVE_UNISTD_H
| # include <unistd.h>
| #endif
|    typedef long long ac__type_sizeof_;
| int
| main ()
| {
| static int test_array [1 - 2 * !(((long int) (sizeof (ac__type_sizeof_))) <= 0)];
| test_array [0] = 0
| 
|   ;
|   return 0;
| }
configure:6684: arm-linux-androideabi-gcc -c  -O2 -Wall  conftest.c >&5
conftest.c: In function 'main':
conftest.c:73:12: error: size of array 'test_array' is negative
conftest.c:73:12: warning: variable 'test_array' set but not used [-Wunused-but-set-variable]
configure:6690: $? = 1
configure: failed program was:
| /* confdefs.h.  */
| #define PACKAGE_NAME ""
| #define PACKAGE_TARNAME ""
| #define PACKAGE_VERSION ""
| #define PACKAGE_STRING ""
| #define PACKAGE_BUGREPORT ""
| #define OS_TYPE "linux-androideabi"
| #define STDC_HEADERS 1
| #define HAVE_SYS_TYPES_H 1
| #define HAVE_SYS_STAT_H 1
| #define HAVE_STDLIB_H 1
| #define HAVE_STRING_H 1
| #define HAVE_MEMORY_H 1
| #define HAVE_STRINGS_H 1
| #define HAVE_INTTYPES_H 1
| #define HAVE_STDINT_H 1
| #define HAVE_UNISTD_H 1
| #define SIZEOF_OFF_T 4
| #define HAVE__BOOL 1
| #define HAVE_STDBOOL_H 1
| #define HAVE_UNISTD_H 1
| #define HAVE_SYS_TIME_H 1
| #define HAVE_TERMIOS_H 1
| #define HAVE_SYS_IOCTL_H 1
| #define HAVE_SYS_SELECT_H 1
| #define HAVE_UTIME_H 1
| #define HAVE_SYS_UTIME_H 1
| #define HAVE_STDINT_H 1
| #define HAVE_INTTYPES_H 1
| #define HAVE_PWD_H 1
| #define HAVE_WCHAR_H 1
| #define SIZEOF_SHORT 2
| #define SIZEOF_INT 4
| #define SIZEOF_LONG 4
| /* end confdefs.h.  */
| #include <stdio.h>
| #ifdef HAVE_SYS_TYPES_H
| # include <sys/types.h>
| #endif
| #ifdef HAVE_SYS_STAT_H
| # include <sys/stat.h>
| #endif
| #ifdef STDC_HEADERS
| # include <stdlib.h>
| # include <stddef.h>
| #else
| # ifdef HAVE_STDLIB_H
| #  include <stdlib.h>
| # endif
| #endif
| #ifdef HAVE_STRING_H
| # if !defined STDC_HEADERS && defined HAVE_MEMORY_H
| #  include <memory.h>
| # endif
| # include <string.h>
| #endif
| #ifdef HAVE_STRINGS_H
| # include <strings.h>
| #endif
| #ifdef HAVE_INTTYPES_H
| # include <inttypes.h>
| #endif
| #ifdef HAVE_STDINT_H
| # include <stdint.h>
| #endif
| #ifdef HAVE_UNISTD_H
| # include <unistd.h>
| #endif
|    typedef long long ac__type_sizeof_;
| int
| main ()
| {
| static int test_array [1 - 2 * !(((long int) (sizeof (ac__type_sizeof_))) <= 1)];
| test_array [0] = 0
| 
|   ;
|   return 0;
| }
configure:6684: arm-linux-androideabi-gcc -c  -O2 -Wall  conftest.c >&5
conftest.c: In function 'main':
conftest.c:73:12: error: size of array 'test_array' is negative
conftest.c:73:12: warning: variable 'test_array' set but not used [-Wunused-but-set-variable]
configure:6690: $? = 1
configure: failed program was:
| /* confdefs.h.  */
| #define PACKAGE_NAME ""
| #define PACKAGE_TARNAME ""
| #define PACKAGE_VERSION ""
| #define PACKAGE_STRING ""
| #define PACKAGE_BUGREPORT ""
| #define OS_TYPE "linux-androideabi"
| #define STDC_HEADERS 1
| #define HAVE_SYS_TYPES_H 1
| #define HAVE_SYS_STAT_H 1
| #define HAVE_STDLIB_H 1
| #define HAVE_STRING_H 1
| #define HAVE_MEMORY_H 1
| #define HAVE_STRINGS_H 1
| #define HAVE_INTTYPES_H 1
| #define HAVE_STDINT_H 1
| #define HAVE_UNISTD_H 1
| #define SIZEOF_OFF_T 4
| #define HAVE__BOOL 1
| #define HAVE_STDBOOL_H 1
| #define HAVE_UNISTD_H 1
| #define HAVE_SYS_TIME_H 1
| #define HAVE_TERMIOS_H 1
| #define HAVE_SYS_IOCTL_H 1
| #define HAVE_SYS_SELECT_H 1
| #define HAVE_UTIME_H 1
| #define HAVE_SYS_UTIME_H 1
| #define HAVE_STDINT_H 1
| #define HAVE_INTTYPES_H 1
| #define HAVE_PWD_H 1
| #define HAVE_WCHAR_H 1
| #define SIZEOF_SHORT 2
| #define SIZEOF_INT 4
| #define SIZEOF_LONG 4
| /* end confdefs.h.  */
| #include <stdio.h>
| #ifdef HAVE_SYS_TYPES_H
| # include <sys/types.h>
| #endif
| #ifdef HAVE_SYS_STAT_H
| # include <sys/stat.h>
| #endif
| #ifdef STDC_HEADERS
| # include <stdlib.h>
| # include <stddef.h>
| #else
| # ifdef HAVE_STDLIB_H
| #  include <stdlib.h>
| # endif
| #endif
| #ifdef HAVE_STRING_H
| # if !defined STDC_HEADERS && defined HAVE_MEMORY_H
| #  include <memory.h>
| # endif
| # include <string.h>
| #endif
| #ifdef HAVE_STRINGS_H
| # include <strings.h>
| #endif
| #ifdef HAVE_INTTYPES_H
| # include <inttypes.h>
| #endif
| #ifdef HAVE_STDINT_H
| # include <stdint.h>
| #endif
| #ifdef HAVE_UNISTD_H
| # include <unistd.h>
| #endif
|    typedef long long ac__type_sizeof_;
| int
| main ()
| {
| static int test_array [1 - 2 * !(((long int) (sizeof (ac__type_sizeof_))) <= 3)];
| test_array [0] = 0
| 
|   ;
|   return 0;
| }
configure:6684: arm-linux-androideabi-gcc -c  -O2 -Wall  conftest.c >&5
conftest.c: In function 'main':
conftest.c:73:12: error: size of array 'test_array' is negative
conftest.c:73:12: warning: variable 'test_array' set but not used [-Wunused-but-set-variable]
configure:6690: $? = 1
configure: failed program was:
| /* confdefs.h.  */
| #define PACKAGE_NAME ""
| #define PACKAGE_TARNAME ""
| #define PACKAGE_VERSION ""
| #define PACKAGE_STRING ""
| #define PACKAGE_BUGREPORT ""
| #define OS_TYPE "linux-androideabi"
| #define STDC_HEADERS 1
| #define HAVE_SYS_TYPES_H 1
| #define HAVE_SYS_STAT_H 1
| #define HAVE_STDLIB_H 1
| #define HAVE_STRING_H 1
| #define HAVE_MEMORY_H 1
| #define HAVE_STRINGS_H 1
| #define HAVE_INTTYPES_H 1
| #define HAVE_STDINT_H 1
| #define HAVE_UNISTD_H 1
| #define SIZEOF_OFF_T 4
| #define HAVE__BOOL 1
| #define HAVE_STDBOOL_H 1
| #define HAVE_UNISTD_H 1
| #define HAVE_SYS_TIME_H 1
| #define HAVE_TERMIOS_H 1
| #define HAVE_SYS_IOCTL_H 1
| #define HAVE_SYS_SELECT_H 1
| #define HAVE_UTIME_H 1
| #define HAVE_SYS_UTIME_H 1
| #define HAVE_STDINT_H 1
| #define HAVE_INTTYPES_H 1
| #define HAVE_PWD_H 1
| #define HAVE_WCHAR_H 1
| #define SIZEOF_SHORT 2
| #define SIZEOF_INT 4
| #define SIZEOF_LONG 4
| /* end confdefs.h.  */
| #include <stdio.h>
| #ifdef HAVE_SYS_TYPES_H
| # include <sys/types.h>
| #endif
| #ifdef HAVE_SYS_STAT_H
| # include <sys/stat.h>
| #endif
| #ifdef STDC_HEADERS
| # include <stdlib.h>
| # include <stddef.h>
| #else
| # ifdef HAVE_STDLIB_H
| #  include <stdlib.h>
| # endif
| #endif
| #ifdef HAVE_STRING_H
| # if !defined STDC_HEADERS && defined HAVE_MEMORY_H
| #  include <memory.h>
| # endif
| # include <string.h>
| #endif
| #ifdef HAVE_STRINGS_H
| # include <strings.h>
| #endif
| #ifdef HAVE_INTTYPES_H
| # include <inttypes.h>
| #endif
| #ifdef HAVE_STDINT_H
| # include <stdint.h>
| #endif
| #ifdef HAVE_UNISTD_H
| # include <unistd.h>
| #endif
|    typedef long long ac__type_sizeof_;
| int
| main ()
| {
| static int test_array [1 - 2 * !(((long int) (sizeof (ac__type_sizeof_))) <= 7)];
| test_array [0] = 0
| 
|   ;
|   return 0;
| }
configure:6684: arm-linux-androideabi-gcc -c  -O2 -Wall  conftest.c >&5
conftest.c: In function 'main':
conftest.c:73:12: warning: variable 'test_array' set but not used [-Wunused-but-set-variable]
configure:6690: $? = 0
configure:6839: arm-linux-androideabi-gcc -c  -O2 -Wall  conftest.c >&5
conftest.c: In function 'main':
conftest.c:73:12: warning: variable 'test_array' set but not used [-Wunused-but-set-variable]
configure:6845: $? = 0
configure:6839: arm-linux-androideabi-gcc -c  -O2 -Wall  conftest.c >&5
conftest.c: In function 'main':
conftest.c:73:12: warning: variable 'test_array' set but not used [-Wunused-but-set-variable]
configure:6845: $? = 0
configure:6839: arm-linux-androideabi-gcc -c  -O2 -Wall  conftest.c >&5
conftest.c: In function 'main':
conftest.c:73:12: warning: variable 'test_array' set but not used [-Wunused-but-set-variable]
configure:6845: $? = 0
configure:6953: result: 8
configure:6963: checking for void *
configure:6993: arm-linux-androideabi-gcc -c  -O2 -Wall  conftest.c >&5
configure:6999: $? = 0
configure:7014: result: yes
configure:7021: checking size of void *
configure:7052: arm-linux-androideabi-gcc -c  -O2 -Wall  conftest.c >&5
conftest.c: In function 'main':
conftest.c:74:12: warning: variable 'test_array' set but not used [-Wunused-but-set-variable]
configure:7058: $? = 0
configure:7089: arm-linux-androideabi-gcc -c  -O2 -Wall  conftest.c >&5
conftest.c: In function 'main':
conftest.c:74:12: error: size of array 'test_array' is negative
conftest.c:74:12: warning: variable 'test_array' set but not used [-Wunused-but-set-variable]
configure:7095: $? = 1
configure: failed program was:
| /* confdefs.h.  */
| #define PACKAGE_NAME ""
| #define PACKAGE_TARNAME ""
| #define PACKAGE_VERSION ""
| #define PACKAGE_STRING ""
| #define PACKAGE_BUGREPORT ""
| #define OS_TYPE "linux-androideabi"
| #define STDC_HEADERS 1
| #define HAVE_SYS_TYPES_H 1
| #define HAVE_SYS_STAT_H 1
| #define HAVE_STDLIB_H 1
| #define HAVE_STRING_H 1
| #define HAVE_MEMORY_H 1
| #define HAVE_STRINGS_H 1
| #define HAVE_INTTYPES_H 1
| #define HAVE_STDINT_H 1
| #define HAVE_UNISTD_H 1
| #define SIZEOF_OFF_T 4
| #define HAVE__BOOL 1
| #define HAVE_STDBOOL_H 1
| #define HAVE_UNISTD_H 1
| #define HAVE_SYS_TIME_H 1
| #define HAVE_TERMIOS_H 1
| #define HAVE_SYS_IOCTL_H 1
| #define HAVE_SYS_SELECT_H 1
| #define HAVE_UTIME_H 1
| #define HAVE_SYS_UTIME_H 1
| #define HAVE_STDINT_H 1
| #define HAVE_INTTYPES_H 1
| #define HAVE_PWD_H 1
| #define HAVE_WCHAR_H 1
| #define SIZEOF_SHORT 2
| #define SIZEOF_INT 4
| #define SIZEOF_LONG 4
| #define SIZEOF_LONG_LONG 8
| /* end confdefs.h.  */
| #include <stdio.h>
| #ifdef HAVE_SYS_TYPES_H
| # include <sys/types.h>
| #endif
| #ifdef HAVE_SYS_STAT_H
| # include <sys/stat.h>
| #endif
| #ifdef STDC_HEADERS
| # include <stdlib.h>
| # include <stddef.h>
| #else
| # ifdef HAVE_STDLIB_H
| #  include <stdlib.h>
| # endif
| #endif
| #ifdef HAVE_STRING_H
| # if !defined STDC_HEADERS && defined HAVE_MEMORY_H
| #  include <memory.h>
| # endif
| # include <string.h>
| #endif
| #ifdef HAVE_STRINGS_H
| # include <strings.h>
| #endif
| #ifdef HAVE_INTTYPES_H
| # include <inttypes.h>
| #endif
| #ifdef HAVE_STDINT_H
| # include <stdint.h>
| #endif
| #ifdef HAVE_UNISTD_H
| # include <unistd.h>
| #endif
|    typedef void * ac__type_sizeof_;
| int
| main ()
| {
| static int test_array [1 - 2 * !(((long int) (sizeof (ac__type_sizeof_))) <= 0)];
| test_array [0] = 0
| 
|   ;
|   return 0;
| }
configure:7089: arm-linux-androideabi-gcc -c  -O2 -Wall  conftest.c >&5
conftest.c: In function 'main':
conftest.c:74:12: error: size of array 'test_array' is negative
conftest.c:74:12: warning: variable 'test_array' set but not used [-Wunused-but-set-variable]
configure:7095: $? = 1
configure: failed program was:
| /* confdefs.h.  */
| #define PACKAGE_NAME ""
| #define PACKAGE_TARNAME ""
| #define PACKAGE_VERSION ""
| #define PACKAGE_STRING ""
| #define PACKAGE_BUGREPORT ""
| #define OS_TYPE "linux-androideabi"
| #define STDC_HEADERS 1
| #define HAVE_SYS_TYPES_H 1
| #define HAVE_SYS_STAT_H 1
| #define HAVE_STDLIB_H 1
| #define HAVE_STRING_H 1
| #define HAVE_MEMORY_H 1
| #define HAVE_STRINGS_H 1
| #define HAVE_INTTYPES_H 1
| #define HAVE_STDINT_H 1
| #define HAVE_UNISTD_H 1
| #define SIZEOF_OFF_T 4
| #define HAVE__BOOL 1
| #define HAVE_STDBOOL_H 1
| #define HAVE_UNISTD_H 1
| #define HAVE_SYS_TIME_H 1
| #define HAVE_TERMIOS_H 1
| #define HAVE_SYS_IOCTL_H 1
| #define HAVE_SYS_SELECT_H 1
| #define HAVE_UTIME_H 1
| #define HAVE_SYS_UTIME_H 1
| #define HAVE_STDINT_H 1
| #define HAVE_INTTYPES_H 1
| #define HAVE_PWD_H 1
| #define HAVE_WCHAR_H 1
| #define SIZEOF_SHORT 2
| #define SIZEOF_INT 4
| #define SIZEOF_LONG 4
| #define SIZEOF_LONG_LONG 8
| /* end confdefs.h.  */
| #include <stdio.h>
| #ifdef HAVE_SYS_TYPES_H
| # include <sys/types.h>
| #endif
| #ifdef HAVE_SYS_STAT_H
| # include <sys/stat.h>
| #endif
| #ifdef STDC_HEADERS
| # include <stdlib.h>
| # include <stddef.h>
| #else
| # ifdef HAVE_STDLIB_H
| #  include <stdlib.h>
| # endif
| #endif
| #ifdef HAVE_STRING_H
| # if !defined STDC_HEADERS && defined HAVE_MEMORY_H
| #  include <memory.h>
| # endif
| # include <string.h>
| #endif
| #ifdef HAVE_STRINGS_H
| # include <strings.h>
| #endif
| #ifdef HAVE_INTTYPES_H
| # include <inttypes.h>
| #endif
| #ifdef HAVE_STDINT_H
| # include <stdint.h>
| #endif
| #ifdef HAVE_UNISTD_H
| # include <unistd.h>
| #endif
|    typedef void * ac__type_sizeof_;
| int
| main ()
| {
| static int test_array [1 - 2 * !(((long int) (sizeof (ac__type_sizeof_))) <= 1)];
| test_array [0] = 0
| 
|   ;
|   return 0;
| }
configure:7089: arm-linux-androideabi-gcc -c  -O2 -Wall  conftest.c >&5
conftest.c: In function 'main':
conftest.c:74:12: error: size of array 'test_array' is negative
conftest.c:74:12: warning: variable 'test_array' set but not used [-Wunused-but-set-variable]
configure:7095: $? = 1
configure: failed program was:
| /* confdefs.h.  */
| #define PACKAGE_NAME ""
| #define PACKAGE_TARNAME ""
| #define PACKAGE_VERSION ""
| #define PACKAGE_STRING ""
| #define PACKAGE_BUGREPORT ""
| #define OS_TYPE "linux-androideabi"
| #define STDC_HEADERS 1
| #define HAVE_SYS_TYPES_H 1
| #define HAVE_SYS_STAT_H 1
| #define HAVE_STDLIB_H 1
| #define HAVE_STRING_H 1
| #define HAVE_MEMORY_H 1
| #define HAVE_STRINGS_H 1
| #define HAVE_INTTYPES_H 1
| #define HAVE_STDINT_H 1
| #define HAVE_UNISTD_H 1
| #define SIZEOF_OFF_T 4
| #define HAVE__BOOL 1
| #define HAVE_STDBOOL_H 1
| #define HAVE_UNISTD_H 1
| #define HAVE_SYS_TIME_H 1
| #define HAVE_TERMIOS_H 1
| #define HAVE_SYS_IOCTL_H 1
| #define HAVE_SYS_SELECT_H 1
| #define HAVE_UTIME_H 1
| #define HAVE_SYS_UTIME_H 1
| #define HAVE_STDINT_H 1
| #define HAVE_INTTYPES_H 1
| #define HAVE_PWD_H 1
| #define HAVE_WCHAR_H 1
| #define SIZEOF_SHORT 2
| #define SIZEOF_INT 4
| #define SIZEOF_LONG 4
| #define SIZEOF_LONG_LONG 8
| /* end confdefs.h.  */
| #include <stdio.h>
| #ifdef HAVE_SYS_TYPES_H
| # include <sys/types.h>
| #endif
| #ifdef HAVE_SYS_STAT_H
| # include <sys/stat.h>
| #endif
| #ifdef STDC_HEADERS
| # include <stdlib.h>
| # include <stddef.h>
| #else
| # ifdef HAVE_STDLIB_H
| #  include <stdlib.h>
| # endif
| #endif
| #ifdef HAVE_STRING_H
| # if !defined STDC_HEADERS && defined HAVE_MEMORY_H
| #  include <memory.h>
| # endif
| # include <string.h>
| #endif
| #ifdef HAVE_STRINGS_H
| # include <strings.h>
| #endif
| #ifdef HAVE_INTTYPES_H
| # include <inttypes.h>
| #endif
| #ifdef HAVE_STDINT_H
| # include <stdint.h>
| #endif
| #ifdef HAVE_UNISTD_H
| # include <unistd.h>
| #endif
|    typedef void * ac__type_sizeof_;
| int
| main ()
| {
| static int test_array [1 - 2 * !(((long int) (sizeof (ac__type_sizeof_))) <= 3)];
| test_array [0] = 0
| 
|   ;
|   return 0;
| }
configure:7089: arm-linux-androideabi-gcc -c  -O2 -Wall  conftest.c >&5
conftest.c: In function 'main':
conftest.c:74:12: warning: variable 'test_array' set but not used [-Wunused-but-set-variable]
configure:7095: $? = 0
configure:7244: arm-linux-androideabi-gcc -c  -O2 -Wall  conftest.c >&5
conftest.c: In function 'main':
conftest.c:74:12: warning: variable 'test_array' set but not used [-Wunused-but-set-variable]
configure:7250: $? = 0
configure:7244: arm-linux-androideabi-gcc -c  -O2 -Wall  conftest.c >&5
conftest.c: In function 'main':
conftest.c:74:12: warning: variable 'test_array' set but not used [-Wunused-but-set-variable]
configure:7250: $? = 0
configure:7358: result: 4
configure:7369: checking for size_t
configure:7399: arm-linux-androideabi-gcc -c  -O2 -Wall  conftest.c >&5
configure:7405: $? = 0
configure:7420: result: yes
configure:7432: checking for pid_t
configure:7462: arm-linux-androideabi-gcc -c  -O2 -Wall  conftest.c >&5
configure:7468: $? = 0
configure:7483: result: yes
configure:7495: checking for uint32_t
configure:7525: arm-linux-androideabi-gcc -c  -O2 -Wall  conftest.c >&5
configure:7531: $? = 0
configure:7546: result: yes
configure:7556: checking for uintptr_t
configure:7586: arm-linux-androideabi-gcc -c  -O2 -Wall  conftest.c >&5
configure:7592: $? = 0
configure:7607: result: yes
configure:7617: checking for intptr_t
configure:7647: arm-linux-androideabi-gcc -c  -O2 -Wall  conftest.c >&5
configure:7653: $? = 0
configure:7668: result: yes
configure:7678: checking for int64_t
configure:7708: arm-linux-androideabi-gcc -c  -O2 -Wall  conftest.c >&5
configure:7714: $? = 0
configure:7729: result: yes
configure:7740: checking for sig_atomic_t
configure:7778: arm-linux-androideabi-gcc -c  -O2 -Wall  conftest.c >&5
configure:7784: $? = 0
configure:7799: result: yes
configure:7813: checking for working alloca.h
configure:7840: arm-linux-androideabi-gcc -o conftest  -O2 -Wall   conftest.c  >&5
configure:7846: $? = 0
configure:7863: result: yes
configure:7873: checking for alloca
configure:7920: arm-linux-androideabi-gcc -o conftest  -O2 -Wall   conftest.c  >&5
configure:7926: $? = 0
configure:7943: result: yes
configure:8176: checking for stdlib.h
configure:8182: result: yes
configure:8176: checking for unistd.h
configure:8182: result: yes
configure:8315: checking for getpagesize
configure:8371: arm-linux-androideabi-gcc -o conftest  -O2 -Wall   conftest.c  >&5
/home/wonfee/xhunter/wget/wget-1.11.4/ndk-standalone-9/bin/../lib/gcc/arm-linux-androideabi/4.6/../../../../arm-linux-androideabi/bin/ld: /tmp/ccoP0LOl.o: in function main:conftest.c(.text.startup+0x4): error: undefined reference to 'getpagesize'
collect2: ld returned 1 exit status
configure:8377: $? = 1
configure: failed program was:
| /* confdefs.h.  */
| #define PACKAGE_NAME ""
| #define PACKAGE_TARNAME ""
| #define PACKAGE_VERSION ""
| #define PACKAGE_STRING ""
| #define PACKAGE_BUGREPORT ""
| #define OS_TYPE "linux-androideabi"
| #define STDC_HEADERS 1
| #define HAVE_SYS_TYPES_H 1
| #define HAVE_SYS_STAT_H 1
| #define HAVE_STDLIB_H 1
| #define HAVE_STRING_H 1
| #define HAVE_MEMORY_H 1
| #define HAVE_STRINGS_H 1
| #define HAVE_INTTYPES_H 1
| #define HAVE_STDINT_H 1
| #define HAVE_UNISTD_H 1
| #define SIZEOF_OFF_T 4
| #define HAVE__BOOL 1
| #define HAVE_STDBOOL_H 1
| #define HAVE_UNISTD_H 1
| #define HAVE_SYS_TIME_H 1
| #define HAVE_TERMIOS_H 1
| #define HAVE_SYS_IOCTL_H 1
| #define HAVE_SYS_SELECT_H 1
| #define HAVE_UTIME_H 1
| #define HAVE_SYS_UTIME_H 1
| #define HAVE_STDINT_H 1
| #define HAVE_INTTYPES_H 1
| #define HAVE_PWD_H 1
| #define HAVE_WCHAR_H 1
| #define SIZEOF_SHORT 2
| #define SIZEOF_INT 4
| #define SIZEOF_LONG 4
| #define SIZEOF_LONG_LONG 8
| #define SIZEOF_VOID_P 4
| #define HAVE_UINT32_T 1
| #define HAVE_UINTPTR_T 1
| #define HAVE_INTPTR_T 1
| #define HAVE_INT64_T 1
| #define HAVE_SIG_ATOMIC_T 1
| #define HAVE_ALLOCA_H 1
| #define HAVE_ALLOCA 1
| #define HAVE_STDLIB_H 1
| #define HAVE_UNISTD_H 1
| /* end confdefs.h.  */
| /* Define getpagesize to an innocuous variant, in case <limits.h> declares getpagesize.
|    For example, HP-UX 11i <limits.h> declares gettimeofday.  */
| #define getpagesize innocuous_getpagesize
| 
| /* System header to define __stub macros and hopefully few prototypes,
|     which can conflict with char getpagesize (); below.
|     Prefer <limits.h> to <assert.h> if __STDC__ is defined, since
|     <limits.h> exists even on freestanding compilers.  */
| 
| #ifdef __STDC__
| # include <limits.h>
| #else
| # include <assert.h>
| #endif
| 
| #undef getpagesize
| 
| /* Override any GCC internal prototype to avoid an error.
|    Use char because int might match the return type of a GCC
|    builtin and then its argument prototype would still apply.  */
| #ifdef __cplusplus
| extern "C"
| #endif
| char getpagesize ();
| /* The GNU C library defines this for functions which it implements
|     to always fail with ENOSYS.  Some functions are actually named
|     something starting with __ and the normal name is an alias.  */
| #if defined __stub_getpagesize || defined __stub___getpagesize
| choke me
| #endif
| 
| int
| main ()
| {
| return getpagesize ();
|   ;
|   return 0;
| }
configure:8395: result: no
configure:8405: checking for working mmap
configure:8580: result: no
configure:8591: checking for _LARGEFILE_SOURCE value needed for large files
configure:8620: arm-linux-androideabi-gcc -o conftest  -O2 -Wall   conftest.c  >&5
configure:8626: $? = 0
configure:8692: result: no
configure:8724: checking for strptime
configure:8780: arm-linux-androideabi-gcc -o conftest  -O2 -Wall   conftest.c  >&5
configure:8786: $? = 0
configure:8804: result: yes
configure:8724: checking for timegm
configure:8780: arm-linux-androideabi-gcc -o conftest  -O2 -Wall   conftest.c  >&5
/home/wonfee/xhunter/wget/wget-1.11.4/ndk-standalone-9/bin/../lib/gcc/arm-linux-androideabi/4.6/../../../../arm-linux-androideabi/bin/ld: /tmp/ccQtcoAA.o: in function main:conftest.c(.text.startup+0x4): error: undefined reference to 'timegm'
collect2: ld returned 1 exit status
configure:8786: $? = 1
configure: failed program was:
| /* confdefs.h.  */
| #define PACKAGE_NAME ""
| #define PACKAGE_TARNAME ""
| #define PACKAGE_VERSION ""
| #define PACKAGE_STRING ""
| #define PACKAGE_BUGREPORT ""
| #define OS_TYPE "linux-androideabi"
| #define STDC_HEADERS 1
| #define HAVE_SYS_TYPES_H 1
| #define HAVE_SYS_STAT_H 1
| #define HAVE_STDLIB_H 1
| #define HAVE_STRING_H 1
| #define HAVE_MEMORY_H 1
| #define HAVE_STRINGS_H 1
| #define HAVE_INTTYPES_H 1
| #define HAVE_STDINT_H 1
| #define HAVE_UNISTD_H 1
| #define SIZEOF_OFF_T 4
| #define HAVE__BOOL 1
| #define HAVE_STDBOOL_H 1
| #define HAVE_UNISTD_H 1
| #define HAVE_SYS_TIME_H 1
| #define HAVE_TERMIOS_H 1
| #define HAVE_SYS_IOCTL_H 1
| #define HAVE_SYS_SELECT_H 1
| #define HAVE_UTIME_H 1
| #define HAVE_SYS_UTIME_H 1
| #define HAVE_STDINT_H 1
| #define HAVE_INTTYPES_H 1
| #define HAVE_PWD_H 1
| #define HAVE_WCHAR_H 1
| #define SIZEOF_SHORT 2
| #define SIZEOF_INT 4
| #define SIZEOF_LONG 4
| #define SIZEOF_LONG_LONG 8
| #define SIZEOF_VOID_P 4
| #define HAVE_UINT32_T 1
| #define HAVE_UINTPTR_T 1
| #define HAVE_INTPTR_T 1
| #define HAVE_INT64_T 1
| #define HAVE_SIG_ATOMIC_T 1
| #define HAVE_ALLOCA_H 1
| #define HAVE_ALLOCA 1
| #define HAVE_STDLIB_H 1
| #define HAVE_UNISTD_H 1
| #define HAVE_FSEEKO 1
| #define HAVE_STRPTIME 1
| /* end confdefs.h.  */
| /* Define timegm to an innocuous variant, in case <limits.h> declares timegm.
|    For example, HP-UX 11i <limits.h> declares gettimeofday.  */
| #define timegm innocuous_timegm
| 
| /* System header to define __stub macros and hopefully few prototypes,
|     which can conflict with char timegm (); below.
|     Prefer <limits.h> to <assert.h> if __STDC__ is defined, since
|     <limits.h> exists even on freestanding compilers.  */
| 
| #ifdef __STDC__
| # include <limits.h>
| #else
| # include <assert.h>
| #endif
| 
| #undef timegm
| 
| /* Override any GCC internal prototype to avoid an error.
|    Use char because int might match the return type of a GCC
|    builtin and then its argument prototype would still apply.  */
| #ifdef __cplusplus
| extern "C"
| #endif
| char timegm ();
| /* The GNU C library defines this for functions which it implements
|     to always fail with ENOSYS.  Some functions are actually named
|     something starting with __ and the normal name is an alias.  */
| #if defined __stub_timegm || defined __stub___timegm
| choke me
| #endif
| 
| int
| main ()
| {
| return timegm ();
|   ;
|   return 0;
| }
configure:8804: result: no
configure:8724: checking for snprintf
configure:8780: arm-linux-androideabi-gcc -o conftest  -O2 -Wall   conftest.c  >&5
conftest.c:72:6: warning: conflicting types for built-in function 'snprintf' [enabled by default]
configure:8786: $? = 0
configure:8804: result: yes
configure:8724: checking for vsnprintf
configure:8780: arm-linux-androideabi-gcc -o conftest  -O2 -Wall   conftest.c  >&5
conftest.c:73:6: warning: conflicting types for built-in function 'vsnprintf' [enabled by default]
configure:8786: $? = 0
configure:8804: result: yes
configure:8724: checking for vasprintf
configure:8780: arm-linux-androideabi-gcc -o conftest  -O2 -Wall   conftest.c  >&5
configure:8786: $? = 0
configure:8804: result: yes
configure:8724: checking for drand48
configure:8780: arm-linux-androideabi-gcc -o conftest  -O2 -Wall   conftest.c  >&5
configure:8786: $? = 0
configure:8804: result: yes
configure:8825: checking for strtoll
configure:8881: arm-linux-androideabi-gcc -o conftest  -O2 -Wall   conftest.c  >&5
configure:8887: $? = 0
configure:8905: result: yes
configure:8825: checking for usleep
configure:8881: arm-linux-androideabi-gcc -o conftest  -O2 -Wall   conftest.c  >&5
configure:8887: $? = 0
configure:8905: result: yes
configure:8825: checking for ftello
configure:8881: arm-linux-androideabi-gcc -o conftest  -O2 -Wall   conftest.c  >&5
configure:8887: $? = 0
configure:8905: result: yes
configure:8825: checking for sigblock
configure:8881: arm-linux-androideabi-gcc -o conftest  -O2 -Wall   conftest.c  >&5
configure:8887: $? = 0
configure:8905: result: yes
configure:8825: checking for sigsetjmp
configure:8881: arm-linux-androideabi-gcc -o conftest  -O2 -Wall   conftest.c  >&5
configure:8887: $? = 0
configure:8905: result: yes
configure:8825: checking for memrchr
configure:8881: arm-linux-androideabi-gcc -o conftest  -O2 -Wall   conftest.c  >&5
configure:8887: $? = 0
configure:8905: result: yes
configure:8825: checking for wcwidth
configure:8881: arm-linux-androideabi-gcc -o conftest  -O2 -Wall   conftest.c  >&5
configure:8887: $? = 0
configure:8905: result: yes
configure:8825: checking for mbtowc
configure:8881: arm-linux-androideabi-gcc -o conftest  -O2 -Wall   conftest.c  >&5
/home/wonfee/xhunter/wget/wget-1.11.4/ndk-standalone-9/bin/../lib/gcc/arm-linux-androideabi/4.6/../../../../arm-linux-androideabi/bin/ld: /tmp/ccqSWAEn.o: in function main:conftest.c(.text.startup+0x4): error: undefined reference to 'mbtowc'
collect2: ld returned 1 exit status
configure:8887: $? = 1
configure: failed program was:
| /* confdefs.h.  */
| #define PACKAGE_NAME ""
| #define PACKAGE_TARNAME ""
| #define PACKAGE_VERSION ""
| #define PACKAGE_STRING ""
| #define PACKAGE_BUGREPORT ""
| #define OS_TYPE "linux-androideabi"
| #define STDC_HEADERS 1
| #define HAVE_SYS_TYPES_H 1
| #define HAVE_SYS_STAT_H 1
| #define HAVE_STDLIB_H 1
| #define HAVE_STRING_H 1
| #define HAVE_MEMORY_H 1
| #define HAVE_STRINGS_H 1
| #define HAVE_INTTYPES_H 1
| #define HAVE_STDINT_H 1
| #define HAVE_UNISTD_H 1
| #define SIZEOF_OFF_T 4
| #define HAVE__BOOL 1
| #define HAVE_STDBOOL_H 1
| #define HAVE_UNISTD_H 1
| #define HAVE_SYS_TIME_H 1
| #define HAVE_TERMIOS_H 1
| #define HAVE_SYS_IOCTL_H 1
| #define HAVE_SYS_SELECT_H 1
| #define HAVE_UTIME_H 1
| #define HAVE_SYS_UTIME_H 1
| #define HAVE_STDINT_H 1
| #define HAVE_INTTYPES_H 1
| #define HAVE_PWD_H 1
| #define HAVE_WCHAR_H 1
| #define SIZEOF_SHORT 2
| #define SIZEOF_INT 4
| #define SIZEOF_LONG 4
| #define SIZEOF_LONG_LONG 8
| #define SIZEOF_VOID_P 4
| #define HAVE_UINT32_T 1
| #define HAVE_UINTPTR_T 1
| #define HAVE_INTPTR_T 1
| #define HAVE_INT64_T 1
| #define HAVE_SIG_ATOMIC_T 1
| #define HAVE_ALLOCA_H 1
| #define HAVE_ALLOCA 1
| #define HAVE_STDLIB_H 1
| #define HAVE_UNISTD_H 1
| #define HAVE_FSEEKO 1
| #define HAVE_STRPTIME 1
| #define HAVE_SNPRINTF 1
| #define HAVE_VSNPRINTF 1
| #define HAVE_VASPRINTF 1
| #define HAVE_DRAND48 1
| #define HAVE_STRTOLL 1
| #define HAVE_USLEEP 1
| #define HAVE_FTELLO 1
| #define HAVE_SIGBLOCK 1
| #define HAVE_SIGSETJMP 1
| #define HAVE_MEMRCHR 1
| #define HAVE_WCWIDTH 1
| /* end confdefs.h.  */
| /* Define mbtowc to an innocuous variant, in case <limits.h> declares mbtowc.
|    For example, HP-UX 11i <limits.h> declares gettimeofday.  */
| #define mbtowc innocuous_mbtowc
| 
| /* System header to define __stub macros and hopefully few prototypes,
|     which can conflict with char mbtowc (); below.
|     Prefer <limits.h> to <assert.h> if __STDC__ is defined, since
|     <limits.h> exists even on freestanding compilers.  */
| 
| #ifdef __STDC__
| # include <limits.h>
| #else
| # include <assert.h>
| #endif
| 
| #undef mbtowc
| 
| /* Override any GCC internal prototype to avoid an error.
|    Use char because int might match the return type of a GCC
|    builtin and then its argument prototype would still apply.  */
| #ifdef __cplusplus
| extern "C"
| #endif
| char mbtowc ();
| /* The GNU C library defines this for functions which it implements
|     to always fail with ENOSYS.  Some functions are actually named
|     something starting with __ and the normal name is an alias.  */
| #if defined __stub_mbtowc || defined __stub___mbtowc
| choke me
| #endif
| 
| int
| main ()
| {
| return mbtowc ();
|   ;
|   return 0;
| }
configure:8905: result: no
configure:8943: checking for struct utimbuf
configure:8982: arm-linux-androideabi-gcc -c  -O2 -Wall  conftest.c >&5
configure:8988: $? = 0
configure:9003: result: yes
configure:9016: checking for socklen_t
configure:9031: arm-linux-androideabi-gcc -c  -O2 -Wall  conftest.c >&5
configure:9037: $? = 0
configure:9042: result: socklen_t
configure:9104: checking for working fnmatch.h
configure:9116: arm-linux-androideabi-gcc -c  -O2 -Wall  conftest.c >&5
configure:9122: $? = 0
configure:9128: result: yes
configure:9153: checking for nanosleep
configure:9209: arm-linux-androideabi-gcc -o conftest  -O2 -Wall   conftest.c  >&5
configure:9215: $? = 0
configure:9233: result: yes
configure:9399: checking for clock_gettime
configure:9455: arm-linux-androideabi-gcc -o conftest  -O2 -Wall   conftest.c  >&5
configure:9461: $? = 0
configure:9479: result: yes
configure:9570: checking for gethostbyname
configure:9626: arm-linux-androideabi-gcc -o conftest  -O2 -Wall   conftest.c  >&5
configure:9632: $? = 0
configure:9650: result: yes
configure:9668: checking for inet_ntoa
configure:9724: arm-linux-androideabi-gcc -o conftest  -O2 -Wall   conftest.c  >&5
configure:9730: $? = 0
configure:9748: result: yes
configure:9838: checking for socket in -lsocket
configure:9873: arm-linux-androideabi-gcc -o conftest  -O2 -Wall   conftest.c -lsocket   >&5
/home/wonfee/xhunter/wget/wget-1.11.4/ndk-standalone-9/bin/../lib/gcc/arm-linux-androideabi/4.6/../../../../arm-linux-androideabi/bin/ld: error: cannot find -lsocket
collect2: ld returned 1 exit status
configure:9879: $? = 1
configure: failed program was:
| /* confdefs.h.  */
| #define PACKAGE_NAME ""
| #define PACKAGE_TARNAME ""
| #define PACKAGE_VERSION ""
| #define PACKAGE_STRING ""
| #define PACKAGE_BUGREPORT ""
| #define OS_TYPE "linux-androideabi"
| #define STDC_HEADERS 1
| #define HAVE_SYS_TYPES_H 1
| #define HAVE_SYS_STAT_H 1
| #define HAVE_STDLIB_H 1
| #define HAVE_STRING_H 1
| #define HAVE_MEMORY_H 1
| #define HAVE_STRINGS_H 1
| #define HAVE_INTTYPES_H 1
| #define HAVE_STDINT_H 1
| #define HAVE_UNISTD_H 1
| #define SIZEOF_OFF_T 4
| #define HAVE__BOOL 1
| #define HAVE_STDBOOL_H 1
| #define HAVE_UNISTD_H 1
| #define HAVE_SYS_TIME_H 1
| #define HAVE_TERMIOS_H 1
| #define HAVE_SYS_IOCTL_H 1
| #define HAVE_SYS_SELECT_H 1
| #define HAVE_UTIME_H 1
| #define HAVE_SYS_UTIME_H 1
| #define HAVE_STDINT_H 1
| #define HAVE_INTTYPES_H 1
| #define HAVE_PWD_H 1
| #define HAVE_WCHAR_H 1
| #define SIZEOF_SHORT 2
| #define SIZEOF_INT 4
| #define SIZEOF_LONG 4
| #define SIZEOF_LONG_LONG 8
| #define SIZEOF_VOID_P 4
| #define HAVE_UINT32_T 1
| #define HAVE_UINTPTR_T 1
| #define HAVE_INTPTR_T 1
| #define HAVE_INT64_T 1
| #define HAVE_SIG_ATOMIC_T 1
| #define HAVE_ALLOCA_H 1
| #define HAVE_ALLOCA 1
| #define HAVE_STDLIB_H 1
| #define HAVE_UNISTD_H 1
| #define HAVE_FSEEKO 1
| #define HAVE_STRPTIME 1
| #define HAVE_SNPRINTF 1
| #define HAVE_VSNPRINTF 1
| #define HAVE_VASPRINTF 1
| #define HAVE_DRAND48 1
| #define HAVE_STRTOLL 1
| #define HAVE_USLEEP 1
| #define HAVE_FTELLO 1
| #define HAVE_SIGBLOCK 1
| #define HAVE_SIGSETJMP 1
| #define HAVE_MEMRCHR 1
| #define HAVE_WCWIDTH 1
| #define HAVE_STRCASECMP 1
| #define HAVE_STRNCASECMP 1
| #define HAVE_STRDUP 1
| #define HAVE_ISATTY 1
| #define HAVE_SYMLINK 1
| #define HAVE_STRUCT_UTIMBUF 1
| #define HAVE_WORKING_FNMATCH_H 1
| #define HAVE_NANOSLEEP 1
| #define HAVE_CLOCK_GETTIME 1
| #define HAVE_GETHOSTBYNAME 1
| #define HAVE_INET_NTOA 1
| /* end confdefs.h.  */
| 
| /* Override any GCC internal prototype to avoid an error.
|    Use char because int might match the return type of a GCC
|    builtin and then its argument prototype would still apply.  */
| #ifdef __cplusplus
| extern "C"
| #endif
| char socket ();
| int
| main ()
| {
| return socket ();
|   ;
|   return 0;
| }
configure:9897: result: no
configure:9910: checking for getopt_long
configure:9966: arm-linux-androideabi-gcc -o conftest  -O2 -Wall   conftest.c  >&5
configure:9972: $? = 0
configure:9989: result: yes
configure:10042: checking for ld used by GCC
configure:10106: result: /home/wonfee/xhunter/wget/wget-1.11.4/ndk-standalone-9/arm-linux-androideabi/bin/ld
configure:10115: checking if the linker (/home/wonfee/xhunter/wget/wget-1.11.4/ndk-standalone-9/arm-linux-androideabi/bin/ld) is GNU ld
configure:10128: result: yes
configure:10135: checking for shared library run path origin
configure:10148: result: done
configure:11754: disabling IPv6 at user request
configure:12262: checking whether NLS is requested
configure:12271: result: no
configure:12768: checking for makeinfo
configure:12798: result: no
configure:12813: checking for perl5
configure:12846: result: no
configure:12813: checking for perl
configure:12831: found /usr/bin/perl
configure:12843: result: /usr/bin/perl
configure:12857: checking for pod2man
configure:12875: found /usr/bin/pod2man
configure:12888: result: /usr/bin/pod2man
configure:13014: creating ./config.status

## ---------------------- ##
## Running config.status. ##
## ---------------------- ##

This file was extended by config.status, which was
generated by GNU Autoconf 2.61.  Invocation command line was

  CONFIG_FILES    = 
  CONFIG_HEADERS  = 
  CONFIG_LINKS    = 
  CONFIG_COMMANDS = 
  $ ./config.status 

on wonfee-ThinkPad-T540p

config.status:648: creating Makefile
config.status:783: WARNING:  Makefile.in seems to ignore the --datarootdir setting
config.status:648: creating src/Makefile
config.status:783: WARNING:  src/Makefile.in seems to ignore the --datarootdir setting
config.status:648: creating doc/Makefile
config.status:783: WARNING:  doc/Makefile.in seems to ignore the --datarootdir setting
config.status:648: creating util/Makefile
config.status:648: creating po/Makefile.in
config.status:648: creating tests/Makefile
config.status:783: WARNING:  tests/Makefile.in seems to ignore the --datarootdir setting
config.status:648: creating tests/WgetTest.pm
config.status:648: creating windows/Makefile
config.status:648: creating stamp-h
config.status:648: creating src/config.h
config.status:928: src/config.h is unchanged
config.status:941: executing default commands

## ---------------- ##
## Cache variables. ##
## ---------------- ##

ac_cv_build=x86_64-pc-linux-gnu
ac_cv_c_compiler_gnu=yes
ac_cv_c_const=yes
ac_cv_c_inline=inline
ac_cv_c_volatile=yes
ac_cv_env_CC_set=
ac_cv_env_CC_value=
ac_cv_env_CFLAGS_set=
ac_cv_env_CFLAGS_value=
ac_cv_env_CPPFLAGS_set=
ac_cv_env_CPPFLAGS_value=
ac_cv_env_CPP_set=
ac_cv_env_CPP_value=
ac_cv_env_LDFLAGS_set=
ac_cv_env_LDFLAGS_value=
ac_cv_env_LIBS_set=
ac_cv_env_LIBS_value=
ac_cv_env_build_alias_set=
ac_cv_env_build_alias_value=
ac_cv_env_host_alias_set=set
ac_cv_env_host_alias_value=arm-linux-androideabi
ac_cv_env_target_alias_set=
ac_cv_env_target_alias_value=
ac_cv_func_alloca_works=yes
ac_cv_func_clock_gettime=yes
ac_cv_func_drand48=yes
ac_cv_func_ftello=yes
ac_cv_func_gethostbyname=yes
ac_cv_func_getopt_long=yes
ac_cv_func_getpagesize=no
ac_cv_func_inet_ntoa=yes
ac_cv_func_mbtowc=no
ac_cv_func_memrchr=yes
ac_cv_func_mmap_fixed_mapped=no
ac_cv_func_nanosleep=yes
ac_cv_func_sigblock=yes
ac_cv_func_sigsetjmp=yes
ac_cv_func_snprintf=yes
ac_cv_func_strptime=yes
ac_cv_func_strtoll=yes
ac_cv_func_timegm=no
ac_cv_func_usleep=yes
ac_cv_func_vasprintf=yes
ac_cv_func_vsnprintf=yes
ac_cv_func_wcwidth=yes
ac_cv_header_inttypes_h=yes
ac_cv_header_memory_h=yes
ac_cv_header_pwd_h=yes
ac_cv_header_stdbool_h=yes
ac_cv_header_stdc=yes
ac_cv_header_stdint_h=yes
ac_cv_header_stdlib_h=yes
ac_cv_header_string_h=yes
ac_cv_header_strings_h=yes
ac_cv_header_sys_ioctl_h=yes
ac_cv_header_sys_select_h=yes
ac_cv_header_sys_stat_h=yes
ac_cv_header_sys_time_h=yes
ac_cv_header_sys_types_h=yes
ac_cv_header_sys_utime_h=yes
ac_cv_header_termios_h=yes
ac_cv_header_unistd_h=yes
ac_cv_header_utime_h=yes
ac_cv_header_wchar_h=yes
ac_cv_host=arm-unknown-linux-androideabi
ac_cv_lib_socket_socket=no
ac_cv_objext=o
ac_cv_path_EGREP='/bin/grep -E'
ac_cv_path_GREP=/bin/grep
ac_cv_path_PERL=/usr/bin/perl
ac_cv_path_POD2MAN=/usr/bin/pod2man
ac_cv_path_install='/usr/bin/install -c'
ac_cv_prog_CC=arm-linux-androideabi-gcc
ac_cv_prog_CPP='arm-linux-androideabi-gcc -E'
ac_cv_prog_cc_c89=
ac_cv_prog_cc_g=yes
ac_cv_prog_make_make_set=yes
ac_cv_sizeof_int=4
ac_cv_sizeof_long=4
ac_cv_sizeof_long_long=8
ac_cv_sizeof_off_t=4
ac_cv_sizeof_short=2
ac_cv_sizeof_void_p=4
ac_cv_sys_largefile_source=no
ac_cv_type__Bool=yes
ac_cv_type_int64_t=yes
ac_cv_type_int=yes
ac_cv_type_intptr_t=yes
ac_cv_type_long=yes
ac_cv_type_long_long=yes
ac_cv_type_off_t=yes
ac_cv_type_pid_t=yes
ac_cv_type_short=yes
ac_cv_type_sig_atomic_t=yes
ac_cv_type_size_t=yes
ac_cv_type_struct_utimbuf=yes
ac_cv_type_uint32_t=yes
ac_cv_type_uintptr_t=yes
ac_cv_type_void_p=yes
ac_cv_working_alloca_h=yes
acl_cv_hardcode_direct=no
acl_cv_hardcode_libdir_flag_spec='${wl}-rpath ${wl}$libdir'
acl_cv_hardcode_libdir_separator=
acl_cv_hardcode_minus_L=no
acl_cv_libext=a
acl_cv_path_LD=/home/wonfee/xhunter/wget/wget-1.11.4/ndk-standalone-9/arm-linux-androideabi/bin/ld
acl_cv_prog_gnu_ld=yes
acl_cv_rpath=done
acl_cv_shlibext=so
acl_cv_wl=-Wl,

## ----------------- ##
## Output variables. ##
## ----------------- ##

ALLOCA=''
CATALOGS=''
CATOBJEXT=''
CC='arm-linux-androideabi-gcc'
CFLAGS=' -O2 -Wall'
COMMENT_IF_NO_POD2MAN=''
CPP='arm-linux-androideabi-gcc -E'
CPPFLAGS=''
DATADIRNAME=''
DEFS='-DHAVE_CONFIG_H'
ECHO_C=''
ECHO_N='-n'
ECHO_T=''
EGREP='/bin/grep -E'
EXEEXT=''
GETOPT_OBJ=''
GMOFILES=''
GMSGFMT=''
GREP='/bin/grep'
HAVE_LIBGNUTLS=''
HAVE_LIBSSL=''
HAVE_NLS='no'
INSTALL_DATA='${INSTALL} -m 644'
INSTALL_PROGRAM='${INSTALL}'
INSTALL_SCRIPT='${INSTALL}'
INSTOBJEXT=''
INTLLIBS=''
LDFLAGS=''
LIBGNUTLS=''
LIBOBJS=''
LIBS=''
LIBSSL=''
LTLIBGNUTLS=''
LTLIBOBJS=''
LTLIBSSL=''
MAKEINFO='true'
MD5_OBJ=''
MSGFMT=''
NTLM_OBJ=''
OBJEXT='o'
OPIE_OBJ=''
PACKAGE='wget'
PACKAGE_BUGREPORT=''
PACKAGE_NAME=''
PACKAGE_STRING=''
PACKAGE_TARNAME=''
PACKAGE_VERSION=''
PATH_SEPARATOR=':'
PERL='/usr/bin/perl'
POD2MAN='/usr/bin/pod2man'
POFILES=''
SET_MAKE=''
SHELL='/bin/bash'
SSL_OBJ=''
USE_NLS='no'
VERSION='1.11.4'
XGETTEXT=''
ac_ct_CC=''
bindir='${exec_prefix}/bin'
build='x86_64-pc-linux-gnu'
build_alias=''
build_cpu='x86_64'
build_os='linux-gnu'
build_vendor='pc'
datadir='${datarootdir}'
datarootdir='${prefix}/share'
docdir='${datarootdir}/doc/${PACKAGE}'
dvidir='${docdir}'
exec_prefix='${prefix}'
host='arm-unknown-linux-androideabi'
host_alias='arm-linux-androideabi'
host_cpu='arm'
host_os='linux-androideabi'
host_vendor='unknown'
htmldir='${docdir}'
includedir='${prefix}/include'
infodir='${datarootdir}/info'
libdir='${exec_prefix}/lib'
libexecdir='${exec_prefix}/libexec'
localedir='${datarootdir}/locale'
localstatedir='${prefix}/var'
mandir='${datarootdir}/man'
oldincludedir='/usr/include'
pdfdir='${docdir}'
prefix='/usr/local'
program_transform_name='s,x,x,'
psdir='${docdir}'
sbindir='${exec_prefix}/sbin'
sharedstatedir='${prefix}/com'
sysconfdir='${prefix}/etc'
target_alias=''

## ----------- ##
## confdefs.h. ##
## ----------- ##

#define PACKAGE_NAME ""
#define PACKAGE_TARNAME ""
#define PACKAGE_VERSION ""
#define PACKAGE_STRING ""
#define PACKAGE_BUGREPORT ""
#define OS_TYPE "linux-androideabi"
#define STDC_HEADERS 1
#define HAVE_SYS_TYPES_H 1
#define HAVE_SYS_STAT_H 1
#define HAVE_STDLIB_H 1
#define HAVE_STRING_H 1
#define HAVE_MEMORY_H 1
#define HAVE_STRINGS_H 1
#define HAVE_INTTYPES_H 1
#define HAVE_STDINT_H 1
#define HAVE_UNISTD_H 1
#define SIZEOF_OFF_T 4
#define HAVE__BOOL 1
#define HAVE_STDBOOL_H 1
#define HAVE_UNISTD_H 1
#define HAVE_SYS_TIME_H 1
#define HAVE_TERMIOS_H 1
#define HAVE_SYS_IOCTL_H 1
#define HAVE_SYS_SELECT_H 1
#define HAVE_UTIME_H 1
#define HAVE_SYS_UTIME_H 1
#define HAVE_STDINT_H 1
#define HAVE_INTTYPES_H 1
#define HAVE_PWD_H 1
#define HAVE_WCHAR_H 1
#define SIZEOF_SHORT 2
#define SIZEOF_INT 4
#define SIZEOF_LONG 4
#define SIZEOF_LONG_LONG 8
#define SIZEOF_VOID_P 4
#define HAVE_UINT32_T 1
#define HAVE_UINTPTR_T 1
#define HAVE_INTPTR_T 1
#define HAVE_INT64_T 1
#define HAVE_SIG_ATOMIC_T 1
#define HAVE_ALLOCA_H 1
#define HAVE_ALLOCA 1
#define HAVE_STDLIB_H 1
#define HAVE_UNISTD_H 1
#define HAVE_FSEEKO 1
#define HAVE_STRPTIME 1
#define HAVE_SNPRINTF 1
#define HAVE_VSNPRINTF 1
#define HAVE_VASPRINTF 1
#define HAVE_DRAND48 1
#define HAVE_STRTOLL 1
#define HAVE_USLEEP 1
#define HAVE_FTELLO 1
#define HAVE_SIGBLOCK 1
#define HAVE_SIGSETJMP 1
#define HAVE_MEMRCHR 1
#define HAVE_WCWIDTH 1
#define HAVE_STRCASECMP 1
#define HAVE_STRNCASECMP 1
#define HAVE_STRDUP 1
#define HAVE_ISATTY 1
#define HAVE_SYMLINK 1
#define HAVE_STRUCT_UTIMBUF 1
#define HAVE_WORKING_FNMATCH_H 1
#define HAVE_NANOSLEEP 1
#define HAVE_CLOCK_GETTIME 1
#define HAVE_GETHOSTBYNAME 1
#define HAVE_INET_NTOA 1
#define HAVE_MD5 1

configure: exit 0
